
ExportEpanet;*************************************************************************************************
ExportEpanet;Início do processamento da exportação para o Epanet: 01/05/2013 - 19:32:41
ExportEpanet;UPDATE WATERLINES SET ROUGHNESS = 0
ExportEpanet;UPDATE WATERLINES SET ROUGHNESS = 111 WHERE MATERIAL = 0
ExportEpanet;UPDATE WATERLINES SET ROUGHNESS = 130 WHERE MATERIAL = 1 AND ROUGHNESS = 0
ExportEpanet;UPDATE WATERLINES SET ROUGHNESS = 120 WHERE MATERIAL = 2 AND ROUGHNESS = 0
ExportEpanet;UPDATE WATERLINES SET ROUGHNESS = 110 WHERE MATERIAL = 3 AND ROUGHNESS = 0
ExportEpanet;UPDATE WATERLINES SET ROUGHNESS = 105 WHERE MATERIAL = 4 AND ROUGHNESS = 0
ExportEpanet;UPDATE WATERLINES SET ROUGHNESS = 90 WHERE MATERIAL = 5 AND ROUGHNESS = 0
ExportEpanet;UPDATE WATERLINES SET ROUGHNESS = 130 WHERE MATERIAL = 6 AND ROUGHNESS = 0
ExportEpanet;UPDATE WATERLINES SET ROUGHNESS = 140 WHERE MATERIAL = 7 AND ROUGHNESS = 0
ExportEpanet;UPDATE WATERLINES SET ROUGHNESS = 140 WHERE MATERIAL = 8 AND ROUGHNESS = 0
ExportEpanet;UPDATE WATERLINES SET ROUGHNESS = 140 WHERE MATERIAL = 9 AND ROUGHNESS = 0
ExportEpanet;UPDATE WATERLINES SET ROUGHNESS = 140 WHERE MATERIAL = 10 AND ROUGHNESS = 0
ExportEpanet;UPDATE WATERLINES SET ROUGHNESS = 140 WHERE MATERIAL = 11 AND ROUGHNESS = 0
ExportEpanet;UPDATE WATERLINES SET MATERIAL = 0 WHERE MATERIAL IS NULL
ExportEpanet;SELECT * FROM WATERLINES INNER JOIN X_MATERIAL ON WATERLINES.MATERIAL = X_MATERIAL.MATERIALID WHERE WATERLINES.OBJECT_ID_ IN (SELECT OBJECT_ID_ FROM POLIGONO_SELECAO WHERE USUARIO = 'nexus' AND TIPO = 1)
ExportEpanet;SELECT COUNT(*) FROM WATERLINES INNER JOIN X_MATERIAL ON WATERLINES.MATERIAL = X_MATERIAL.MATERIALID WHERE WATERLINES.OBJECT_ID_ IN (SELECT OBJECT_ID_ FROM POLIGONO_SELECAO WHERE USUARIO = 'nexus' AND TIPO = 1)
ExportEpanet;Executou a abertura do cursor com a querie: SELECT COUNT(*) FROM WATERLINES INNER JOIN X_MATERIAL ON WATERLINES.MATERIAL = X_MATERIAL.MATERIALID WHERE WATERLINES.OBJECT_ID_ IN (SELECT OBJECT_ID_ FROM POLIGONO_SELECAO WHERE USUARIO = 'nexus' AND TIPO = 1)
ExportEpanet;Total de trechos que serão exportados: 173
sql abertura cursor: SELECT * FROM WATERLINES INNER JOIN X_MATERIAL ON WATERLINES.MATERIAL = X_MATERIAL.MATERIALID WHERE WATERLINES.OBJECT_ID_ IN (SELECT OBJECT_ID_ FROM POLIGONO_SELECAO WHERE USUARIO = 'nexus' AND TIPO = 1) - string de conexão: Provider=SQLOLEDB.1;Password=nxsdaev;Persist Security Info=True;User ID=geodaev;Initial Catalog=valinhosgeosan;Data Source=192.168.0.5;Use Procedure for Prepare=1;Auto Translate=True;Packet Size=4096;Workstation ID=JM-WIN7;Use Encryption for Data=False;Tag with column collation when possible=False
ExportEpanet;Querie a ser enviada para o ExportaEPANet: SELECT * FROM WATERLINES INNER JOIN X_MATERIAL ON WATERLINES.MATERIAL = X_MATERIAL.MATERIALID WHERE WATERLINES.OBJECT_ID_ IN (SELECT OBJECT_ID_ FROM POLIGONO_SELECAO WHERE USUARIO = 'nexus' AND TIPO = 1)
ExportEpanet;Fim do processamento inicial da exportação para o Epanet. Iniciará a exportação de 173 trechos de rede para o Epanet.

ExportaEPANet;*************************************************************************************************

ExportaEPANet;Inicia a exportação (2a. fase), onde recebe o cursor pronto com os dados para exportar.

ExportaEPANet;Querie recebida: SELECT * FROM WATERLINES INNER JOIN X_MATERIAL ON WATERLINES.MATERIAL = X_MATERIAL.MATERIALID WHERE WATERLINES.OBJECT_ID_ IN (SELECT OBJECT_ID_ FROM POLIGONO_SELECAO WHERE USUARIO = 'nexus' AND TIPO = 1)

ExportaEPANet;SELECT * FROM WATERCOMPONENTSTYPES ORDER BY ID_TYPE

CarregaRsNosTMP; Inicia o registro do resultado dos nós temporários
CarregaRsNosTMP; string conexão:  Select a.OBJECT_ID_, x, y, ID_TYPE, GROUNDHEIGHT, DEMAND, Pattern, SubTypeValve, case when State = 2 then 'Closed' else 'Open' end state FROM (Select OBJECT_ID_, X, Y, ID_TYPE, GROUNDHEIGHT, DEMAND, Pattern FROM watercomponents inner join points2 on object_id_=object_id) a Left Join (select object_id_,value_ as SubTypeValve from watercomponentsdata  where id_type = 1 and id_subtype = 1) b on a.object_id_=b.object_id_  left Join (select object_id_,value_ as State from watercomponentsdata  where id_type = 1 and id_subtype = 2) c on a.object_id_=c.object_id_ conexão: Provider=SQLOLEDB.1;Password=nxsdaev;Persist Security Info=True;User ID=geodaev;Initial Catalog=valinhosgeosan;Data Source=192.168.0.5;Use Procedure for Prepare=1;Auto Translate=True;Packet Size=4096;Workstation ID=JM-WIN7;Use Encryption for Data=False;Tag with column collation when possible=False
ExportaEPANet;Inicia o cursor em cada trecho de rede com a querie: SELECT * FROM WATERLINES INNER JOIN X_MATERIAL ON WATERLINES.MATERIAL = X_MATERIAL.MATERIALID WHERE WATERLINES.OBJECT_ID_ IN (SELECT OBJECT_ID_ FROM POLIGONO_SELECAO WHERE USUARIO = 'nexus' AND TIPO = 1)
ExportaEPANet;01/05/2013 19:32:46 - 1 - Trecho lido: 3531
ExportaEPANet;01/05/2013 19:32:46 - 1 - Trecho lido: 3531 - Nó inicial: 3177
ExportaEPANet;01/05/2013 19:32:46 - 1 - Trecho lido: 3531 - Nó final: 3178
ExportaEPANet;Querie rsTrechos: SELECT * FROM WATERLINES INNER JOIN X_MATERIAL ON WATERLINES.MATERIAL = X_MATERIAL.MATERIALID WHERE WATERLINES.OBJECT_ID_ IN (SELECT OBJECT_ID_ FROM POLIGONO_SELECAO WHERE USUARIO = 'nexus' AND TIPO = 1)
ExportaEPANet;01/05/2013 19:32:46 - 2 - Trecho lido: 3532
ExportaEPANet;01/05/2013 19:32:46 - 2 - Trecho lido: 3532 - Nó inicial: 3178
ExportaEPANet;01/05/2013 19:32:46 - 2 - Trecho lido: 3532 - Nó final: 3179
ExportaEPANet;Querie rsTrechos: SELECT * FROM WATERLINES INNER JOIN X_MATERIAL ON WATERLINES.MATERIAL = X_MATERIAL.MATERIALID WHERE WATERLINES.OBJECT_ID_ IN (SELECT OBJECT_ID_ FROM POLIGONO_SELECAO WHERE USUARIO = 'nexus' AND TIPO = 1)
ExportaEPANet;01/05/2013 19:32:46 - 3 - Trecho lido: 3533
ExportaEPANet;01/05/2013 19:32:46 - 3 - Trecho lido: 3533 - Nó inicial: 3179
ExportaEPANet;01/05/2013 19:32:46 - 3 - Trecho lido: 3533 - Nó final: 3180
ExportaEPANet;Querie rsTrechos: SELECT * FROM WATERLINES INNER JOIN X_MATERIAL ON WATERLINES.MATERIAL = X_MATERIAL.MATERIALID WHERE WATERLINES.OBJECT_ID_ IN (SELECT OBJECT_ID_ FROM POLIGONO_SELECAO WHERE USUARIO = 'nexus' AND TIPO = 1)
ExportaEPANet;01/05/2013 19:32:46 - 4 - Trecho lido: 3534
ExportaEPANet;01/05/2013 19:32:46 - 4 - Trecho lido: 3534 - Nó inicial: 3180
ExportaEPANet;01/05/2013 19:32:46 - 4 - Trecho lido: 3534 - Nó final: 3181
ExportaEPANet;Querie rsTrechos: SELECT * FROM WATERLINES INNER JOIN X_MATERIAL ON WATERLINES.MATERIAL = X_MATERIAL.MATERIALID WHERE WATERLINES.OBJECT_ID_ IN (SELECT OBJECT_ID_ FROM POLIGONO_SELECAO WHERE USUARIO = 'nexus' AND TIPO = 1)
ExportaEPANet;01/05/2013 19:32:46 - 5 - Trecho lido: 3535
ExportaEPANet;01/05/2013 19:32:46 - 5 - Trecho lido: 3535 - Nó inicial: 3180
ExportaEPANet;01/05/2013 19:32:46 - 5 - Trecho lido: 3535 - Nó final: 3182
ExportaEPANet;Querie rsTrechos: SELECT * FROM WATERLINES INNER JOIN X_MATERIAL ON WATERLINES.MATERIAL = X_MATERIAL.MATERIALID WHERE WATERLINES.OBJECT_ID_ IN (SELECT OBJECT_ID_ FROM POLIGONO_SELECAO WHERE USUARIO = 'nexus' AND TIPO = 1)
ExportaEPANet;01/05/2013 19:32:46 - 6 - Trecho lido: 3536
ExportaEPANet;01/05/2013 19:32:46 - 6 - Trecho lido: 3536 - Nó inicial: 3181
ExportaEPANet;01/05/2013 19:32:46 - 6 - Trecho lido: 3536 - Nó final: 3183
ExportaEPANet;Querie rsTrechos: SELECT * FROM WATERLINES INNER JOIN X_MATERIAL ON WATERLINES.MATERIAL = X_MATERIAL.MATERIALID WHERE WATERLINES.OBJECT_ID_ IN (SELECT OBJECT_ID_ FROM POLIGONO_SELECAO WHERE USUARIO = 'nexus' AND TIPO = 1)
ExportaEPANet;01/05/2013 19:32:46 - 7 - Trecho lido: 3537
ExportaEPANet;01/05/2013 19:32:46 - 7 - Trecho lido: 3537 - Nó inicial: 3180
ExportaEPANet;01/05/2013 19:32:46 - 7 - Trecho lido: 3537 - Nó final: 3184
ExportaEPANet;Querie rsTrechos: SELECT * FROM WATERLINES INNER JOIN X_MATERIAL ON WATERLINES.MATERIAL = X_MATERIAL.MATERIALID WHERE WATERLINES.OBJECT_ID_ IN (SELECT OBJECT_ID_ FROM POLIGONO_SELECAO WHERE USUARIO = 'nexus' AND TIPO = 1)
ExportaEPANet;01/05/2013 19:32:46 - 8 - Trecho lido: 3538
ExportaEPANet;01/05/2013 19:32:46 - 8 - Trecho lido: 3538 - Nó inicial: 3184
ExportaEPANet;01/05/2013 19:32:46 - 8 - Trecho lido: 3538 - Nó final: 3185
ExportaEPANet;Querie rsTrechos: SELECT * FROM WATERLINES INNER JOIN X_MATERIAL ON WATERLINES.MATERIAL = X_MATERIAL.MATERIALID WHERE WATERLINES.OBJECT_ID_ IN (SELECT OBJECT_ID_ FROM POLIGONO_SELECAO WHERE USUARIO = 'nexus' AND TIPO = 1)
ExportaEPANet;01/05/2013 19:32:46 - 9 - Trecho lido: 3539
ExportaEPANet;01/05/2013 19:32:46 - 9 - Trecho lido: 3539 - Nó inicial: 3183
ExportaEPANet;01/05/2013 19:32:46 - 9 - Trecho lido: 3539 - Nó final: 3186
ExportaEPANet;Querie rsTrechos: SELECT * FROM WATERLINES INNER JOIN X_MATERIAL ON WATERLINES.MATERIAL = X_MATERIAL.MATERIALID WHERE WATERLINES.OBJECT_ID_ IN (SELECT OBJECT_ID_ FROM POLIGONO_SELECAO WHERE USUARIO = 'nexus' AND TIPO = 1)
ExportaEPANet;01/05/2013 19:32:47 - 10 - Trecho lido: 3540
ExportaEPANet;01/05/2013 19:32:47 - 10 - Trecho lido: 3540 - Nó inicial: 3186
ExportaEPANet;01/05/2013 19:32:47 - 10 - Trecho lido: 3540 - Nó final: 3187
ExportaEPANet;Querie rsTrechos: SELECT * FROM WATERLINES INNER JOIN X_MATERIAL ON WATERLINES.MATERIAL = X_MATERIAL.MATERIALID WHERE WATERLINES.OBJECT_ID_ IN (SELECT OBJECT_ID_ FROM POLIGONO_SELECAO WHERE USUARIO = 'nexus' AND TIPO = 1)
ExportaEPANet;01/05/2013 19:32:47 - 11 - Trecho lido: 3541
ExportaEPANet;01/05/2013 19:32:47 - 11 - Trecho lido: 3541 - Nó inicial: 3186
ExportaEPANet;01/05/2013 19:32:47 - 11 - Trecho lido: 3541 - Nó final: 3188
ExportaEPANet;Querie rsTrechos: SELECT * FROM WATERLINES INNER JOIN X_MATERIAL ON WATERLINES.MATERIAL = X_MATERIAL.MATERIALID WHERE WATERLINES.OBJECT_ID_ IN (SELECT OBJECT_ID_ FROM POLIGONO_SELECAO WHERE USUARIO = 'nexus' AND TIPO = 1)
ExportaEPANet;01/05/2013 19:32:47 - 12 - Trecho lido: 3542
ExportaEPANet;01/05/2013 19:32:47 - 12 - Trecho lido: 3542 - Nó inicial: 3188
ExportaEPANet;01/05/2013 19:32:47 - 12 - Trecho lido: 3542 - Nó final: 3189
ExportaEPANet;Querie rsTrechos: SELECT * FROM WATERLINES INNER JOIN X_MATERIAL ON WATERLINES.MATERIAL = X_MATERIAL.MATERIALID WHERE WATERLINES.OBJECT_ID_ IN (SELECT OBJECT_ID_ FROM POLIGONO_SELECAO WHERE USUARIO = 'nexus' AND TIPO = 1)
ExportaEPANet;01/05/2013 19:32:47 - 13 - Trecho lido: 3543
ExportaEPANet;01/05/2013 19:32:47 - 13 - Trecho lido: 3543 - Nó inicial: 3189
ExportaEPANet;01/05/2013 19:32:47 - 13 - Trecho lido: 3543 - Nó final: 3190
ExportaEPANet;Querie rsTrechos: SELECT * FROM WATERLINES INNER JOIN X_MATERIAL ON WATERLINES.MATERIAL = X_MATERIAL.MATERIALID WHERE WATERLINES.OBJECT_ID_ IN (SELECT OBJECT_ID_ FROM POLIGONO_SELECAO WHERE USUARIO = 'nexus' AND TIPO = 1)
ExportaEPANet;01/05/2013 19:32:47 - 14 - Trecho lido: 3544
ExportaEPANet;01/05/2013 19:32:47 - 14 - Trecho lido: 3544 - Nó inicial: 3189
ExportaEPANet;01/05/2013 19:32:47 - 14 - Trecho lido: 3544 - Nó final: 3191
ExportaEPANet;Querie rsTrechos: SELECT * FROM WATERLINES INNER JOIN X_MATERIAL ON WATERLINES.MATERIAL = X_MATERIAL.MATERIALID WHERE WATERLINES.OBJECT_ID_ IN (SELECT OBJECT_ID_ FROM POLIGONO_SELECAO WHERE USUARIO = 'nexus' AND TIPO = 1)
ExportaEPANet;01/05/2013 19:32:47 - 15 - Trecho lido: 3545
ExportaEPANet;01/05/2013 19:32:47 - 15 - Trecho lido: 3545 - Nó inicial: 3191
ExportaEPANet;01/05/2013 19:32:47 - 15 - Trecho lido: 3545 - Nó final: 3192
ExportaEPANet;Querie rsTrechos: SELECT * FROM WATERLINES INNER JOIN X_MATERIAL ON WATERLINES.MATERIAL = X_MATERIAL.MATERIALID WHERE WATERLINES.OBJECT_ID_ IN (SELECT OBJECT_ID_ FROM POLIGONO_SELECAO WHERE USUARIO = 'nexus' AND TIPO = 1)
ExportaEPANet;01/05/2013 19:32:47 - 16 - Trecho lido: 3546
ExportaEPANet;01/05/2013 19:32:47 - 16 - Trecho lido: 3546 - Nó inicial: 3192
ExportaEPANet;01/05/2013 19:32:47 - 16 - Trecho lido: 3546 - Nó final: 3193
ExportaEPANet;Querie rsTrechos: SELECT * FROM WATERLINES INNER JOIN X_MATERIAL ON WATERLINES.MATERIAL = X_MATERIAL.MATERIALID WHERE WATERLINES.OBJECT_ID_ IN (SELECT OBJECT_ID_ FROM POLIGONO_SELECAO WHERE USUARIO = 'nexus' AND TIPO = 1)
ExportaEPANet;01/05/2013 19:32:47 - 17 - Trecho lido: 3547
ExportaEPANet;01/05/2013 19:32:47 - 17 - Trecho lido: 3547 - Nó inicial: 3190
ExportaEPANet;01/05/2013 19:32:47 - 17 - Trecho lido: 3547 - Nó final: 3194
ExportaEPANet;Querie rsTrechos: SELECT * FROM WATERLINES INNER JOIN X_MATERIAL ON WATERLINES.MATERIAL = X_MATERIAL.MATERIALID WHERE WATERLINES.OBJECT_ID_ IN (SELECT OBJECT_ID_ FROM POLIGONO_SELECAO WHERE USUARIO = 'nexus' AND TIPO = 1)
ExportaEPANet;01/05/2013 19:32:47 - 18 - Trecho lido: 3548
ExportaEPANet;01/05/2013 19:32:47 - 18 - Trecho lido: 3548 - Nó inicial: 3194
ExportaEPANet;01/05/2013 19:32:47 - 18 - Trecho lido: 3548 - Nó final: 3195
ExportaEPANet;Querie rsTrechos: SELECT * FROM WATERLINES INNER JOIN X_MATERIAL ON WATERLINES.MATERIAL = X_MATERIAL.MATERIALID WHERE WATERLINES.OBJECT_ID_ IN (SELECT OBJECT_ID_ FROM POLIGONO_SELECAO WHERE USUARIO = 'nexus' AND TIPO = 1)
ExportaEPANet;01/05/2013 19:32:47 - 19 - Trecho lido: 3549
ExportaEPANet;01/05/2013 19:32:47 - 19 - Trecho lido: 3549 - Nó inicial: 3194
ExportaEPANet;01/05/2013 19:32:47 - 19 - Trecho lido: 3549 - Nó final: 3185
ExportaEPANet;Querie rsTrechos: SELECT * FROM WATERLINES INNER JOIN X_MATERIAL ON WATERLINES.MATERIAL = X_MATERIAL.MATERIALID WHERE WATERLINES.OBJECT_ID_ IN (SELECT OBJECT_ID_ FROM POLIGONO_SELECAO WHERE USUARIO = 'nexus' AND TIPO = 1)
ExportaEPANet;01/05/2013 19:32:47 - 20 - Trecho lido: 3550
ExportaEPANet;01/05/2013 19:32:47 - 20 - Trecho lido: 3550 - Nó inicial: 3185
ExportaEPANet;01/05/2013 19:32:47 - 20 - Trecho lido: 3550 - Nó final: 3196
ExportaEPANet;Querie rsTrechos: SELECT * FROM WATERLINES INNER JOIN X_MATERIAL ON WATERLINES.MATERIAL = X_MATERIAL.MATERIALID WHERE WATERLINES.OBJECT_ID_ IN (SELECT OBJECT_ID_ FROM POLIGONO_SELECAO WHERE USUARIO = 'nexus' AND TIPO = 1)
ExportaEPANet;01/05/2013 19:32:47 - 21 - Trecho lido: 3551
ExportaEPANet;01/05/2013 19:32:47 - 21 - Trecho lido: 3551 - Nó inicial: 3196
ExportaEPANet;01/05/2013 19:32:47 - 21 - Trecho lido: 3551 - Nó final: 3201
ExportaEPANet;Querie rsTrechos: SELECT * FROM WATERLINES INNER JOIN X_MATERIAL ON WATERLINES.MATERIAL = X_MATERIAL.MATERIALID WHERE WATERLINES.OBJECT_ID_ IN (SELECT OBJECT_ID_ FROM POLIGONO_SELECAO WHERE USUARIO = 'nexus' AND TIPO = 1)
ExportaEPANet;01/05/2013 19:32:47 - 22 - Trecho lido: 3552
ExportaEPANet;01/05/2013 19:32:47 - 22 - Trecho lido: 3552 - Nó inicial: 3195
ExportaEPANet;01/05/2013 19:32:47 - 22 - Trecho lido: 3552 - Nó final: 3198
ExportaEPANet;Querie rsTrechos: SELECT * FROM WATERLINES INNER JOIN X_MATERIAL ON WATERLINES.MATERIAL = X_MATERIAL.MATERIALID WHERE WATERLINES.OBJECT_ID_ IN (SELECT OBJECT_ID_ FROM POLIGONO_SELECAO WHERE USUARIO = 'nexus' AND TIPO = 1)
ExportaEPANet;01/05/2013 19:32:47 - 23 - Trecho lido: 3553
ExportaEPANet;01/05/2013 19:32:47 - 23 - Trecho lido: 3553 - Nó inicial: 3198
ExportaEPANet;01/05/2013 19:32:47 - 23 - Trecho lido: 3553 - Nó final: 3199
ExportaEPANet;Querie rsTrechos: SELECT * FROM WATERLINES INNER JOIN X_MATERIAL ON WATERLINES.MATERIAL = X_MATERIAL.MATERIALID WHERE WATERLINES.OBJECT_ID_ IN (SELECT OBJECT_ID_ FROM POLIGONO_SELECAO WHERE USUARIO = 'nexus' AND TIPO = 1)
ExportaEPANet;01/05/2013 19:32:47 - 24 - Trecho lido: 3554
ExportaEPANet;01/05/2013 19:32:47 - 24 - Trecho lido: 3554 - Nó inicial: 3199
ExportaEPANet;01/05/2013 19:32:47 - 24 - Trecho lido: 3554 - Nó final: 3200
ExportaEPANet;Querie rsTrechos: SELECT * FROM WATERLINES INNER JOIN X_MATERIAL ON WATERLINES.MATERIAL = X_MATERIAL.MATERIALID WHERE WATERLINES.OBJECT_ID_ IN (SELECT OBJECT_ID_ FROM POLIGONO_SELECAO WHERE USUARIO = 'nexus' AND TIPO = 1)
ExportaEPANet;01/05/2013 19:32:47 - 25 - Trecho lido: 3555
ExportaEPANet;01/05/2013 19:32:47 - 25 - Trecho lido: 3555 - Nó inicial: 3201
ExportaEPANet;01/05/2013 19:32:47 - 25 - Trecho lido: 3555 - Nó final: 3197
ExportaEPANet;Querie rsTrechos: SELECT * FROM WATERLINES INNER JOIN X_MATERIAL ON WATERLINES.MATERIAL = X_MATERIAL.MATERIALID WHERE WATERLINES.OBJECT_ID_ IN (SELECT OBJECT_ID_ FROM POLIGONO_SELECAO WHERE USUARIO = 'nexus' AND TIPO = 1)
ExportaEPANet;01/05/2013 19:32:47 - 26 - Trecho lido: 3556
ExportaEPANet;01/05/2013 19:32:47 - 26 - Trecho lido: 3556 - Nó inicial: 3199
ExportaEPANet;01/05/2013 19:32:47 - 26 - Trecho lido: 3556 - Nó final: 3202
ExportaEPANet;Querie rsTrechos: SELECT * FROM WATERLINES INNER JOIN X_MATERIAL ON WATERLINES.MATERIAL = X_MATERIAL.MATERIALID WHERE WATERLINES.OBJECT_ID_ IN (SELECT OBJECT_ID_ FROM POLIGONO_SELECAO WHERE USUARIO = 'nexus' AND TIPO = 1)
ExportaEPANet;01/05/2013 19:32:47 - 27 - Trecho lido: 3558
ExportaEPANet;01/05/2013 19:32:47 - 27 - Trecho lido: 3558 - Nó inicial: 3204
ExportaEPANet;01/05/2013 19:32:47 - 27 - Trecho lido: 3558 - Nó final: 3205
ExportaEPANet;Querie rsTrechos: SELECT * FROM WATERLINES INNER JOIN X_MATERIAL ON WATERLINES.MATERIAL = X_MATERIAL.MATERIALID WHERE WATERLINES.OBJECT_ID_ IN (SELECT OBJECT_ID_ FROM POLIGONO_SELECAO WHERE USUARIO = 'nexus' AND TIPO = 1)
ExportaEPANet;01/05/2013 19:32:47 - 28 - Trecho lido: 3559
ExportaEPANet;01/05/2013 19:32:47 - 28 - Trecho lido: 3559 - Nó inicial: 3205
ExportaEPANet;01/05/2013 19:32:47 - 28 - Trecho lido: 3559 - Nó final: 3206
ExportaEPANet;Querie rsTrechos: SELECT * FROM WATERLINES INNER JOIN X_MATERIAL ON WATERLINES.MATERIAL = X_MATERIAL.MATERIALID WHERE WATERLINES.OBJECT_ID_ IN (SELECT OBJECT_ID_ FROM POLIGONO_SELECAO WHERE USUARIO = 'nexus' AND TIPO = 1)
ExportaEPANet;01/05/2013 19:32:47 - 29 - Trecho lido: 3560
ExportaEPANet;01/05/2013 19:32:47 - 29 - Trecho lido: 3560 - Nó inicial: 3206
ExportaEPANet;01/05/2013 19:32:47 - 29 - Trecho lido: 3560 - Nó final: 3207
ExportaEPANet;Querie rsTrechos: SELECT * FROM WATERLINES INNER JOIN X_MATERIAL ON WATERLINES.MATERIAL = X_MATERIAL.MATERIALID WHERE WATERLINES.OBJECT_ID_ IN (SELECT OBJECT_ID_ FROM POLIGONO_SELECAO WHERE USUARIO = 'nexus' AND TIPO = 1)
ExportaEPANet;01/05/2013 19:32:47 - 30 - Trecho lido: 3562
ExportaEPANet;01/05/2013 19:32:47 - 30 - Trecho lido: 3562 - Nó inicial: 3207
ExportaEPANet;01/05/2013 19:32:47 - 30 - Trecho lido: 3562 - Nó final: 3209
ExportaEPANet;Querie rsTrechos: SELECT * FROM WATERLINES INNER JOIN X_MATERIAL ON WATERLINES.MATERIAL = X_MATERIAL.MATERIALID WHERE WATERLINES.OBJECT_ID_ IN (SELECT OBJECT_ID_ FROM POLIGONO_SELECAO WHERE USUARIO = 'nexus' AND TIPO = 1)
ExportaEPANet;01/05/2013 19:32:47 - 31 - Trecho lido: 3563
ExportaEPANet;01/05/2013 19:32:47 - 31 - Trecho lido: 3563 - Nó inicial: 3209
ExportaEPANet;01/05/2013 19:32:47 - 31 - Trecho lido: 3563 - Nó final: 3193
ExportaEPANet;Querie rsTrechos: SELECT * FROM WATERLINES INNER JOIN X_MATERIAL ON WATERLINES.MATERIAL = X_MATERIAL.MATERIALID WHERE WATERLINES.OBJECT_ID_ IN (SELECT OBJECT_ID_ FROM POLIGONO_SELECAO WHERE USUARIO = 'nexus' AND TIPO = 1)
ExportaEPANet;01/05/2013 19:32:48 - 32 - Trecho lido: 13085
ExportaEPANet;01/05/2013 19:32:48 - 32 - Trecho lido: 13085 - Nó inicial: 3207
ExportaEPANet;01/05/2013 19:32:48 - 32 - Trecho lido: 13085 - Nó final: 11830
ExportaEPANet;Querie rsTrechos: SELECT * FROM WATERLINES INNER JOIN X_MATERIAL ON WATERLINES.MATERIAL = X_MATERIAL.MATERIALID WHERE WATERLINES.OBJECT_ID_ IN (SELECT OBJECT_ID_ FROM POLIGONO_SELECAO WHERE USUARIO = 'nexus' AND TIPO = 1)
ExportaEPANet;01/05/2013 19:32:49 - 33 - Trecho lido: 5430
ExportaEPANet;01/05/2013 19:32:49 - 33 - Trecho lido: 5430 - Nó inicial: 3176
ExportaEPANet;01/05/2013 19:32:49 - 33 - Trecho lido: 5430 - Nó final: 4956
ExportaEPANet;Querie rsTrechos: SELECT * FROM WATERLINES INNER JOIN X_MATERIAL ON WATERLINES.MATERIAL = X_MATERIAL.MATERIALID WHERE WATERLINES.OBJECT_ID_ IN (SELECT OBJECT_ID_ FROM POLIGONO_SELECAO WHERE USUARIO = 'nexus' AND TIPO = 1)
ExportaEPANet;01/05/2013 19:32:49 - 34 - Trecho lido: 5431
ExportaEPANet;01/05/2013 19:32:49 - 34 - Trecho lido: 5431 - Nó inicial: 4956
ExportaEPANet;01/05/2013 19:32:49 - 34 - Trecho lido: 5431 - Nó final: 3177
ExportaEPANet;Querie rsTrechos: SELECT * FROM WATERLINES INNER JOIN X_MATERIAL ON WATERLINES.MATERIAL = X_MATERIAL.MATERIALID WHERE WATERLINES.OBJECT_ID_ IN (SELECT OBJECT_ID_ FROM POLIGONO_SELECAO WHERE USUARIO = 'nexus' AND TIPO = 1)
ExportaEPANet;01/05/2013 19:32:49 - 35 - Trecho lido: 5432
ExportaEPANet;01/05/2013 19:32:49 - 35 - Trecho lido: 5432 - Nó inicial: 4956
ExportaEPANet;01/05/2013 19:32:49 - 35 - Trecho lido: 5432 - Nó final: 4957
ExportaEPANet;Querie rsTrechos: SELECT * FROM WATERLINES INNER JOIN X_MATERIAL ON WATERLINES.MATERIAL = X_MATERIAL.MATERIALID WHERE WATERLINES.OBJECT_ID_ IN (SELECT OBJECT_ID_ FROM POLIGONO_SELECAO WHERE USUARIO = 'nexus' AND TIPO = 1)
ExportaEPANet;01/05/2013 19:32:49 - 36 - Trecho lido: 5433
ExportaEPANet;01/05/2013 19:32:49 - 36 - Trecho lido: 5433 - Nó inicial: 4955
ExportaEPANet;01/05/2013 19:32:49 - 36 - Trecho lido: 5433 - Nó final: 4958
ExportaEPANet;Querie rsTrechos: SELECT * FROM WATERLINES INNER JOIN X_MATERIAL ON WATERLINES.MATERIAL = X_MATERIAL.MATERIALID WHERE WATERLINES.OBJECT_ID_ IN (SELECT OBJECT_ID_ FROM POLIGONO_SELECAO WHERE USUARIO = 'nexus' AND TIPO = 1)
ExportaEPANet;01/05/2013 19:32:49 - 37 - Trecho lido: 5434
ExportaEPANet;01/05/2013 19:32:49 - 37 - Trecho lido: 5434 - Nó inicial: 4958
ExportaEPANet;01/05/2013 19:32:49 - 37 - Trecho lido: 5434 - Nó final: 4959
ExportaEPANet;Querie rsTrechos: SELECT * FROM WATERLINES INNER JOIN X_MATERIAL ON WATERLINES.MATERIAL = X_MATERIAL.MATERIALID WHERE WATERLINES.OBJECT_ID_ IN (SELECT OBJECT_ID_ FROM POLIGONO_SELECAO WHERE USUARIO = 'nexus' AND TIPO = 1)
ExportaEPANet;01/05/2013 19:32:49 - 38 - Trecho lido: 5448
ExportaEPANet;01/05/2013 19:32:49 - 38 - Trecho lido: 5448 - Nó inicial: 4971
ExportaEPANet;01/05/2013 19:32:49 - 38 - Trecho lido: 5448 - Nó final: 4972
ExportaEPANet;Querie rsTrechos: SELECT * FROM WATERLINES INNER JOIN X_MATERIAL ON WATERLINES.MATERIAL = X_MATERIAL.MATERIALID WHERE WATERLINES.OBJECT_ID_ IN (SELECT OBJECT_ID_ FROM POLIGONO_SELECAO WHERE USUARIO = 'nexus' AND TIPO = 1)
ExportaEPANet;01/05/2013 19:32:49 - 39 - Trecho lido: 5449
ExportaEPANet;01/05/2013 19:32:49 - 39 - Trecho lido: 5449 - Nó inicial: 4972
ExportaEPANet;01/05/2013 19:32:49 - 39 - Trecho lido: 5449 - Nó final: 4973
ExportaEPANet;Querie rsTrechos: SELECT * FROM WATERLINES INNER JOIN X_MATERIAL ON WATERLINES.MATERIAL = X_MATERIAL.MATERIALID WHERE WATERLINES.OBJECT_ID_ IN (SELECT OBJECT_ID_ FROM POLIGONO_SELECAO WHERE USUARIO = 'nexus' AND TIPO = 1)
ExportaEPANet;01/05/2013 19:32:49 - 40 - Trecho lido: 5450
ExportaEPANet;01/05/2013 19:32:49 - 40 - Trecho lido: 5450 - Nó inicial: 4973
ExportaEPANet;01/05/2013 19:32:49 - 40 - Trecho lido: 5450 - Nó final: 4974
ExportaEPANet;Querie rsTrechos: SELECT * FROM WATERLINES INNER JOIN X_MATERIAL ON WATERLINES.MATERIAL = X_MATERIAL.MATERIALID WHERE WATERLINES.OBJECT_ID_ IN (SELECT OBJECT_ID_ FROM POLIGONO_SELECAO WHERE USUARIO = 'nexus' AND TIPO = 1)
ExportaEPANet;01/05/2013 19:32:49 - 41 - Trecho lido: 5451
ExportaEPANet;01/05/2013 19:32:49 - 41 - Trecho lido: 5451 - Nó inicial: 4974
ExportaEPANet;01/05/2013 19:32:49 - 41 - Trecho lido: 5451 - Nó final: 4975
ExportaEPANet;Querie rsTrechos: SELECT * FROM WATERLINES INNER JOIN X_MATERIAL ON WATERLINES.MATERIAL = X_MATERIAL.MATERIALID WHERE WATERLINES.OBJECT_ID_ IN (SELECT OBJECT_ID_ FROM POLIGONO_SELECAO WHERE USUARIO = 'nexus' AND TIPO = 1)
ExportaEPANet;01/05/2013 19:32:49 - 42 - Trecho lido: 5452
ExportaEPANet;01/05/2013 19:32:49 - 42 - Trecho lido: 5452 - Nó inicial: 4975
ExportaEPANet;01/05/2013 19:32:49 - 42 - Trecho lido: 5452 - Nó final: 4976
ExportaEPANet;Querie rsTrechos: SELECT * FROM WATERLINES INNER JOIN X_MATERIAL ON WATERLINES.MATERIAL = X_MATERIAL.MATERIALID WHERE WATERLINES.OBJECT_ID_ IN (SELECT OBJECT_ID_ FROM POLIGONO_SELECAO WHERE USUARIO = 'nexus' AND TIPO = 1)
ExportaEPANet;01/05/2013 19:32:49 - 43 - Trecho lido: 5453
ExportaEPANet;01/05/2013 19:32:49 - 43 - Trecho lido: 5453 - Nó inicial: 4976
ExportaEPANet;01/05/2013 19:32:49 - 43 - Trecho lido: 5453 - Nó final: 4977
ExportaEPANet;Querie rsTrechos: SELECT * FROM WATERLINES INNER JOIN X_MATERIAL ON WATERLINES.MATERIAL = X_MATERIAL.MATERIALID WHERE WATERLINES.OBJECT_ID_ IN (SELECT OBJECT_ID_ FROM POLIGONO_SELECAO WHERE USUARIO = 'nexus' AND TIPO = 1)
ExportaEPANet;01/05/2013 19:32:49 - 44 - Trecho lido: 5454
ExportaEPANet;01/05/2013 19:32:49 - 44 - Trecho lido: 5454 - Nó inicial: 4977
ExportaEPANet;01/05/2013 19:32:49 - 44 - Trecho lido: 5454 - Nó final: 4978
ExportaEPANet;Querie rsTrechos: SELECT * FROM WATERLINES INNER JOIN X_MATERIAL ON WATERLINES.MATERIAL = X_MATERIAL.MATERIALID WHERE WATERLINES.OBJECT_ID_ IN (SELECT OBJECT_ID_ FROM POLIGONO_SELECAO WHERE USUARIO = 'nexus' AND TIPO = 1)
ExportaEPANet;01/05/2013 19:32:49 - 45 - Trecho lido: 5455
ExportaEPANet;01/05/2013 19:32:49 - 45 - Trecho lido: 5455 - Nó inicial: 4978
ExportaEPANet;01/05/2013 19:32:49 - 45 - Trecho lido: 5455 - Nó final: 4979
ExportaEPANet;Querie rsTrechos: SELECT * FROM WATERLINES INNER JOIN X_MATERIAL ON WATERLINES.MATERIAL = X_MATERIAL.MATERIALID WHERE WATERLINES.OBJECT_ID_ IN (SELECT OBJECT_ID_ FROM POLIGONO_SELECAO WHERE USUARIO = 'nexus' AND TIPO = 1)
ExportaEPANet;01/05/2013 19:32:49 - 46 - Trecho lido: 5458
ExportaEPANet;01/05/2013 19:32:49 - 46 - Trecho lido: 5458 - Nó inicial: 4971
ExportaEPANet;01/05/2013 19:32:49 - 46 - Trecho lido: 5458 - Nó final: 4982
ExportaEPANet;Querie rsTrechos: SELECT * FROM WATERLINES INNER JOIN X_MATERIAL ON WATERLINES.MATERIAL = X_MATERIAL.MATERIALID WHERE WATERLINES.OBJECT_ID_ IN (SELECT OBJECT_ID_ FROM POLIGONO_SELECAO WHERE USUARIO = 'nexus' AND TIPO = 1)
ExportaEPANet;01/05/2013 19:32:51 - 47 - Trecho lido: 13090
ExportaEPANet;01/05/2013 19:32:51 - 47 - Trecho lido: 13090 - Nó inicial: 7568
ExportaEPANet;01/05/2013 19:32:51 - 47 - Trecho lido: 13090 - Nó final: 11834
ExportaEPANet;Querie rsTrechos: SELECT * FROM WATERLINES INNER JOIN X_MATERIAL ON WATERLINES.MATERIAL = X_MATERIAL.MATERIALID WHERE WATERLINES.OBJECT_ID_ IN (SELECT OBJECT_ID_ FROM POLIGONO_SELECAO WHERE USUARIO = 'nexus' AND TIPO = 1)
ExportaEPANet;01/05/2013 19:32:51 - 48 - Trecho lido: 13091
ExportaEPANet;01/05/2013 19:32:51 - 48 - Trecho lido: 13091 - Nó inicial: 11834
ExportaEPANet;01/05/2013 19:32:51 - 48 - Trecho lido: 13091 - Nó final: 11835
ExportaEPANet;Querie rsTrechos: SELECT * FROM WATERLINES INNER JOIN X_MATERIAL ON WATERLINES.MATERIAL = X_MATERIAL.MATERIALID WHERE WATERLINES.OBJECT_ID_ IN (SELECT OBJECT_ID_ FROM POLIGONO_SELECAO WHERE USUARIO = 'nexus' AND TIPO = 1)
ExportaEPANet;01/05/2013 19:32:51 - 49 - Trecho lido: 7974
ExportaEPANet;01/05/2013 19:32:51 - 49 - Trecho lido: 7974 - Nó inicial: 7340
ExportaEPANet;01/05/2013 19:32:51 - 49 - Trecho lido: 7974 - Nó final: 7351
ExportaEPANet;Querie rsTrechos: SELECT * FROM WATERLINES INNER JOIN X_MATERIAL ON WATERLINES.MATERIAL = X_MATERIAL.MATERIALID WHERE WATERLINES.OBJECT_ID_ IN (SELECT OBJECT_ID_ FROM POLIGONO_SELECAO WHERE USUARIO = 'nexus' AND TIPO = 1)
ExportaEPANet;01/05/2013 19:32:51 - 50 - Trecho lido: 7987
ExportaEPANet;01/05/2013 19:32:51 - 50 - Trecho lido: 7987 - Nó inicial: 7341
ExportaEPANet;01/05/2013 19:32:51 - 50 - Trecho lido: 7987 - Nó final: 7340
ExportaEPANet;Querie rsTrechos: SELECT * FROM WATERLINES INNER JOIN X_MATERIAL ON WATERLINES.MATERIAL = X_MATERIAL.MATERIALID WHERE WATERLINES.OBJECT_ID_ IN (SELECT OBJECT_ID_ FROM POLIGONO_SELECAO WHERE USUARIO = 'nexus' AND TIPO = 1)
ExportaEPANet;01/05/2013 19:32:51 - 51 - Trecho lido: 7988
ExportaEPANet;01/05/2013 19:32:51 - 51 - Trecho lido: 7988 - Nó inicial: 7351
ExportaEPANet;01/05/2013 19:32:51 - 51 - Trecho lido: 7988 - Nó final: 7353
ExportaEPANet;Querie rsTrechos: SELECT * FROM WATERLINES INNER JOIN X_MATERIAL ON WATERLINES.MATERIAL = X_MATERIAL.MATERIALID WHERE WATERLINES.OBJECT_ID_ IN (SELECT OBJECT_ID_ FROM POLIGONO_SELECAO WHERE USUARIO = 'nexus' AND TIPO = 1)
ExportaEPANet;01/05/2013 19:32:51 - 52 - Trecho lido: 7994
ExportaEPANet;01/05/2013 19:32:51 - 52 - Trecho lido: 7994 - Nó inicial: 7357
ExportaEPANet;01/05/2013 19:32:51 - 52 - Trecho lido: 7994 - Nó final: 7379
ExportaEPANet;Querie rsTrechos: SELECT * FROM WATERLINES INNER JOIN X_MATERIAL ON WATERLINES.MATERIAL = X_MATERIAL.MATERIALID WHERE WATERLINES.OBJECT_ID_ IN (SELECT OBJECT_ID_ FROM POLIGONO_SELECAO WHERE USUARIO = 'nexus' AND TIPO = 1)
ExportaEPANet;01/05/2013 19:32:51 - 53 - Trecho lido: 8013
ExportaEPANet;01/05/2013 19:32:51 - 53 - Trecho lido: 8013 - Nó inicial: 7374
ExportaEPANet;01/05/2013 19:32:51 - 53 - Trecho lido: 8013 - Nó final: 7357
ExportaEPANet;Querie rsTrechos: SELECT * FROM WATERLINES INNER JOIN X_MATERIAL ON WATERLINES.MATERIAL = X_MATERIAL.MATERIALID WHERE WATERLINES.OBJECT_ID_ IN (SELECT OBJECT_ID_ FROM POLIGONO_SELECAO WHERE USUARIO = 'nexus' AND TIPO = 1)
ExportaEPANet;01/05/2013 19:32:51 - 54 - Trecho lido: 8019
ExportaEPANet;01/05/2013 19:32:51 - 54 - Trecho lido: 8019 - Nó inicial: 7379
ExportaEPANet;01/05/2013 19:32:51 - 54 - Trecho lido: 8019 - Nó final: 7380
ExportaEPANet;Querie rsTrechos: SELECT * FROM WATERLINES INNER JOIN X_MATERIAL ON WATERLINES.MATERIAL = X_MATERIAL.MATERIALID WHERE WATERLINES.OBJECT_ID_ IN (SELECT OBJECT_ID_ FROM POLIGONO_SELECAO WHERE USUARIO = 'nexus' AND TIPO = 1)
ExportaEPANet;01/05/2013 19:32:52 - 55 - Trecho lido: 8024
ExportaEPANet;01/05/2013 19:32:52 - 55 - Trecho lido: 8024 - Nó inicial: 7383
ExportaEPANet;01/05/2013 19:32:52 - 55 - Trecho lido: 8024 - Nó final: 7384
ExportaEPANet;Querie rsTrechos: SELECT * FROM WATERLINES INNER JOIN X_MATERIAL ON WATERLINES.MATERIAL = X_MATERIAL.MATERIALID WHERE WATERLINES.OBJECT_ID_ IN (SELECT OBJECT_ID_ FROM POLIGONO_SELECAO WHERE USUARIO = 'nexus' AND TIPO = 1)
ExportaEPANet;01/05/2013 19:32:52 - 56 - Trecho lido: 8025
ExportaEPANet;01/05/2013 19:32:52 - 56 - Trecho lido: 8025 - Nó inicial: 7384
ExportaEPANet;01/05/2013 19:32:52 - 56 - Trecho lido: 8025 - Nó final: 7385
ExportaEPANet;Querie rsTrechos: SELECT * FROM WATERLINES INNER JOIN X_MATERIAL ON WATERLINES.MATERIAL = X_MATERIAL.MATERIALID WHERE WATERLINES.OBJECT_ID_ IN (SELECT OBJECT_ID_ FROM POLIGONO_SELECAO WHERE USUARIO = 'nexus' AND TIPO = 1)
ExportaEPANet;01/05/2013 19:32:52 - 57 - Trecho lido: 8026
ExportaEPANet;01/05/2013 19:32:52 - 57 - Trecho lido: 8026 - Nó inicial: 7383
ExportaEPANet;01/05/2013 19:32:52 - 57 - Trecho lido: 8026 - Nó final: 7386
ExportaEPANet;Querie rsTrechos: SELECT * FROM WATERLINES INNER JOIN X_MATERIAL ON WATERLINES.MATERIAL = X_MATERIAL.MATERIALID WHERE WATERLINES.OBJECT_ID_ IN (SELECT OBJECT_ID_ FROM POLIGONO_SELECAO WHERE USUARIO = 'nexus' AND TIPO = 1)
ExportaEPANet;01/05/2013 19:32:52 - 58 - Trecho lido: 8032
ExportaEPANet;01/05/2013 19:32:52 - 58 - Trecho lido: 8032 - Nó inicial: 7392
ExportaEPANet;01/05/2013 19:32:52 - 58 - Trecho lido: 8032 - Nó final: 7395
ExportaEPANet;Querie rsTrechos: SELECT * FROM WATERLINES INNER JOIN X_MATERIAL ON WATERLINES.MATERIAL = X_MATERIAL.MATERIALID WHERE WATERLINES.OBJECT_ID_ IN (SELECT OBJECT_ID_ FROM POLIGONO_SELECAO WHERE USUARIO = 'nexus' AND TIPO = 1)
ExportaEPANet;01/05/2013 19:32:52 - 59 - Trecho lido: 8033
ExportaEPANet;01/05/2013 19:32:52 - 59 - Trecho lido: 8033 - Nó inicial: 7393
ExportaEPANet;01/05/2013 19:32:52 - 59 - Trecho lido: 8033 - Nó final: 7394
ExportaEPANet;Querie rsTrechos: SELECT * FROM WATERLINES INNER JOIN X_MATERIAL ON WATERLINES.MATERIAL = X_MATERIAL.MATERIALID WHERE WATERLINES.OBJECT_ID_ IN (SELECT OBJECT_ID_ FROM POLIGONO_SELECAO WHERE USUARIO = 'nexus' AND TIPO = 1)
ExportaEPANet;01/05/2013 19:32:52 - 60 - Trecho lido: 8034
ExportaEPANet;01/05/2013 19:32:52 - 60 - Trecho lido: 8034 - Nó inicial: 7394
ExportaEPANet;01/05/2013 19:32:52 - 60 - Trecho lido: 8034 - Nó final: 7385
ExportaEPANet;Querie rsTrechos: SELECT * FROM WATERLINES INNER JOIN X_MATERIAL ON WATERLINES.MATERIAL = X_MATERIAL.MATERIALID WHERE WATERLINES.OBJECT_ID_ IN (SELECT OBJECT_ID_ FROM POLIGONO_SELECAO WHERE USUARIO = 'nexus' AND TIPO = 1)
ExportaEPANet;01/05/2013 19:32:52 - 61 - Trecho lido: 8035
ExportaEPANet;01/05/2013 19:32:52 - 61 - Trecho lido: 8035 - Nó inicial: 7395
ExportaEPANet;01/05/2013 19:32:52 - 61 - Trecho lido: 8035 - Nó final: 7393
ExportaEPANet;Querie rsTrechos: SELECT * FROM WATERLINES INNER JOIN X_MATERIAL ON WATERLINES.MATERIAL = X_MATERIAL.MATERIALID WHERE WATERLINES.OBJECT_ID_ IN (SELECT OBJECT_ID_ FROM POLIGONO_SELECAO WHERE USUARIO = 'nexus' AND TIPO = 1)
ExportaEPANet;01/05/2013 19:32:52 - 62 - Trecho lido: 8037
ExportaEPANet;01/05/2013 19:32:52 - 62 - Trecho lido: 8037 - Nó inicial: 7395
ExportaEPANet;01/05/2013 19:32:52 - 62 - Trecho lido: 8037 - Nó final: 7397
ExportaEPANet;Querie rsTrechos: SELECT * FROM WATERLINES INNER JOIN X_MATERIAL ON WATERLINES.MATERIAL = X_MATERIAL.MATERIALID WHERE WATERLINES.OBJECT_ID_ IN (SELECT OBJECT_ID_ FROM POLIGONO_SELECAO WHERE USUARIO = 'nexus' AND TIPO = 1)
ExportaEPANet;01/05/2013 19:32:52 - 63 - Trecho lido: 8040
ExportaEPANet;01/05/2013 19:32:52 - 63 - Trecho lido: 8040 - Nó inicial: 7385
ExportaEPANet;01/05/2013 19:32:52 - 63 - Trecho lido: 8040 - Nó final: 7410
ExportaEPANet;Querie rsTrechos: SELECT * FROM WATERLINES INNER JOIN X_MATERIAL ON WATERLINES.MATERIAL = X_MATERIAL.MATERIALID WHERE WATERLINES.OBJECT_ID_ IN (SELECT OBJECT_ID_ FROM POLIGONO_SELECAO WHERE USUARIO = 'nexus' AND TIPO = 1)
ExportaEPANet;01/05/2013 19:32:52 - 64 - Trecho lido: 8041
ExportaEPANet;01/05/2013 19:32:52 - 64 - Trecho lido: 8041 - Nó inicial: 7401
ExportaEPANet;01/05/2013 19:32:52 - 64 - Trecho lido: 8041 - Nó final: 7402
ExportaEPANet;Querie rsTrechos: SELECT * FROM WATERLINES INNER JOIN X_MATERIAL ON WATERLINES.MATERIAL = X_MATERIAL.MATERIALID WHERE WATERLINES.OBJECT_ID_ IN (SELECT OBJECT_ID_ FROM POLIGONO_SELECAO WHERE USUARIO = 'nexus' AND TIPO = 1)
ExportaEPANet;01/05/2013 19:32:52 - 65 - Trecho lido: 8042
ExportaEPANet;01/05/2013 19:32:52 - 65 - Trecho lido: 8042 - Nó inicial: 7402
ExportaEPANet;01/05/2013 19:32:52 - 65 - Trecho lido: 8042 - Nó final: 7403
ExportaEPANet;Querie rsTrechos: SELECT * FROM WATERLINES INNER JOIN X_MATERIAL ON WATERLINES.MATERIAL = X_MATERIAL.MATERIALID WHERE WATERLINES.OBJECT_ID_ IN (SELECT OBJECT_ID_ FROM POLIGONO_SELECAO WHERE USUARIO = 'nexus' AND TIPO = 1)
ExportaEPANet;01/05/2013 19:32:52 - 66 - Trecho lido: 8043
ExportaEPANet;01/05/2013 19:32:52 - 66 - Trecho lido: 8043 - Nó inicial: 7403
ExportaEPANet;01/05/2013 19:32:52 - 66 - Trecho lido: 8043 - Nó final: 7404
ExportaEPANet;Querie rsTrechos: SELECT * FROM WATERLINES INNER JOIN X_MATERIAL ON WATERLINES.MATERIAL = X_MATERIAL.MATERIALID WHERE WATERLINES.OBJECT_ID_ IN (SELECT OBJECT_ID_ FROM POLIGONO_SELECAO WHERE USUARIO = 'nexus' AND TIPO = 1)
ExportaEPANet;01/05/2013 19:32:52 - 67 - Trecho lido: 8044
ExportaEPANet;01/05/2013 19:32:52 - 67 - Trecho lido: 8044 - Nó inicial: 7404
ExportaEPANet;01/05/2013 19:32:52 - 67 - Trecho lido: 8044 - Nó final: 7405
ExportaEPANet;Querie rsTrechos: SELECT * FROM WATERLINES INNER JOIN X_MATERIAL ON WATERLINES.MATERIAL = X_MATERIAL.MATERIALID WHERE WATERLINES.OBJECT_ID_ IN (SELECT OBJECT_ID_ FROM POLIGONO_SELECAO WHERE USUARIO = 'nexus' AND TIPO = 1)
ExportaEPANet;01/05/2013 19:32:52 - 68 - Trecho lido: 8045
ExportaEPANet;01/05/2013 19:32:52 - 68 - Trecho lido: 8045 - Nó inicial: 7404
ExportaEPANet;01/05/2013 19:32:52 - 68 - Trecho lido: 8045 - Nó final: 7386
ExportaEPANet;Querie rsTrechos: SELECT * FROM WATERLINES INNER JOIN X_MATERIAL ON WATERLINES.MATERIAL = X_MATERIAL.MATERIALID WHERE WATERLINES.OBJECT_ID_ IN (SELECT OBJECT_ID_ FROM POLIGONO_SELECAO WHERE USUARIO = 'nexus' AND TIPO = 1)
ExportaEPANet;01/05/2013 19:32:52 - 69 - Trecho lido: 8046
ExportaEPANet;01/05/2013 19:32:52 - 69 - Trecho lido: 8046 - Nó inicial: 7386
ExportaEPANet;01/05/2013 19:32:52 - 69 - Trecho lido: 8046 - Nó final: 7400
ExportaEPANet;Querie rsTrechos: SELECT * FROM WATERLINES INNER JOIN X_MATERIAL ON WATERLINES.MATERIAL = X_MATERIAL.MATERIALID WHERE WATERLINES.OBJECT_ID_ IN (SELECT OBJECT_ID_ FROM POLIGONO_SELECAO WHERE USUARIO = 'nexus' AND TIPO = 1)
ExportaEPANet;01/05/2013 19:32:52 - 70 - Trecho lido: 8047
ExportaEPANet;01/05/2013 19:32:52 - 70 - Trecho lido: 8047 - Nó inicial: 7400
ExportaEPANet;01/05/2013 19:32:52 - 70 - Trecho lido: 8047 - Nó final: 7523
ExportaEPANet;Querie rsTrechos: SELECT * FROM WATERLINES INNER JOIN X_MATERIAL ON WATERLINES.MATERIAL = X_MATERIAL.MATERIALID WHERE WATERLINES.OBJECT_ID_ IN (SELECT OBJECT_ID_ FROM POLIGONO_SELECAO WHERE USUARIO = 'nexus' AND TIPO = 1)
ExportaEPANet;01/05/2013 19:32:52 - 71 - Trecho lido: 8051
ExportaEPANet;01/05/2013 19:32:52 - 71 - Trecho lido: 8051 - Nó inicial: 7402
ExportaEPANet;01/05/2013 19:32:52 - 71 - Trecho lido: 8051 - Nó final: 7405
ExportaEPANet;Querie rsTrechos: SELECT * FROM WATERLINES INNER JOIN X_MATERIAL ON WATERLINES.MATERIAL = X_MATERIAL.MATERIALID WHERE WATERLINES.OBJECT_ID_ IN (SELECT OBJECT_ID_ FROM POLIGONO_SELECAO WHERE USUARIO = 'nexus' AND TIPO = 1)
ExportaEPANet;01/05/2013 19:32:52 - 72 - Trecho lido: 8052
ExportaEPANet;01/05/2013 19:32:52 - 72 - Trecho lido: 8052 - Nó inicial: 7410
ExportaEPANet;01/05/2013 19:32:52 - 72 - Trecho lido: 8052 - Nó final: 7400
ExportaEPANet;Querie rsTrechos: SELECT * FROM WATERLINES INNER JOIN X_MATERIAL ON WATERLINES.MATERIAL = X_MATERIAL.MATERIALID WHERE WATERLINES.OBJECT_ID_ IN (SELECT OBJECT_ID_ FROM POLIGONO_SELECAO WHERE USUARIO = 'nexus' AND TIPO = 1)
ExportaEPANet;01/05/2013 19:32:52 - 73 - Trecho lido: 8101
ExportaEPANet;01/05/2013 19:32:52 - 73 - Trecho lido: 8101 - Nó inicial: 7418
ExportaEPANet;01/05/2013 19:32:52 - 73 - Trecho lido: 8101 - Nó final: 7457
ExportaEPANet;Querie rsTrechos: SELECT * FROM WATERLINES INNER JOIN X_MATERIAL ON WATERLINES.MATERIAL = X_MATERIAL.MATERIALID WHERE WATERLINES.OBJECT_ID_ IN (SELECT OBJECT_ID_ FROM POLIGONO_SELECAO WHERE USUARIO = 'nexus' AND TIPO = 1)
ExportaEPANet;01/05/2013 19:32:52 - 74 - Trecho lido: 8102
ExportaEPANet;01/05/2013 19:32:52 - 74 - Trecho lido: 8102 - Nó inicial: 7457
ExportaEPANet;01/05/2013 19:32:52 - 74 - Trecho lido: 8102 - Nó final: 7467
ExportaEPANet;Querie rsTrechos: SELECT * FROM WATERLINES INNER JOIN X_MATERIAL ON WATERLINES.MATERIAL = X_MATERIAL.MATERIALID WHERE WATERLINES.OBJECT_ID_ IN (SELECT OBJECT_ID_ FROM POLIGONO_SELECAO WHERE USUARIO = 'nexus' AND TIPO = 1)
ExportaEPANet;01/05/2013 19:32:52 - 75 - Trecho lido: 8103
ExportaEPANet;01/05/2013 19:32:52 - 75 - Trecho lido: 8103 - Nó inicial: 7458
ExportaEPANet;01/05/2013 19:32:52 - 75 - Trecho lido: 8103 - Nó final: 7459
ExportaEPANet;Querie rsTrechos: SELECT * FROM WATERLINES INNER JOIN X_MATERIAL ON WATERLINES.MATERIAL = X_MATERIAL.MATERIALID WHERE WATERLINES.OBJECT_ID_ IN (SELECT OBJECT_ID_ FROM POLIGONO_SELECAO WHERE USUARIO = 'nexus' AND TIPO = 1)
ExportaEPANet;01/05/2013 19:32:52 - 76 - Trecho lido: 8106
ExportaEPANet;01/05/2013 19:32:52 - 76 - Trecho lido: 8106 - Nó inicial: 7423
ExportaEPANet;01/05/2013 19:32:52 - 76 - Trecho lido: 8106 - Nó final: 7462
ExportaEPANet;Querie rsTrechos: SELECT * FROM WATERLINES INNER JOIN X_MATERIAL ON WATERLINES.MATERIAL = X_MATERIAL.MATERIALID WHERE WATERLINES.OBJECT_ID_ IN (SELECT OBJECT_ID_ FROM POLIGONO_SELECAO WHERE USUARIO = 'nexus' AND TIPO = 1)
ExportaEPANet;01/05/2013 19:32:52 - 77 - Trecho lido: 8108
ExportaEPANet;01/05/2013 19:32:52 - 77 - Trecho lido: 8108 - Nó inicial: 7462
ExportaEPANet;01/05/2013 19:32:52 - 77 - Trecho lido: 8108 - Nó final: 7463
ExportaEPANet;Querie rsTrechos: SELECT * FROM WATERLINES INNER JOIN X_MATERIAL ON WATERLINES.MATERIAL = X_MATERIAL.MATERIALID WHERE WATERLINES.OBJECT_ID_ IN (SELECT OBJECT_ID_ FROM POLIGONO_SELECAO WHERE USUARIO = 'nexus' AND TIPO = 1)
ExportaEPANet;01/05/2013 19:32:52 - 78 - Trecho lido: 8109
ExportaEPANet;01/05/2013 19:32:52 - 78 - Trecho lido: 8109 - Nó inicial: 7463
ExportaEPANet;01/05/2013 19:32:52 - 78 - Trecho lido: 8109 - Nó final: 7464
ExportaEPANet;Querie rsTrechos: SELECT * FROM WATERLINES INNER JOIN X_MATERIAL ON WATERLINES.MATERIAL = X_MATERIAL.MATERIALID WHERE WATERLINES.OBJECT_ID_ IN (SELECT OBJECT_ID_ FROM POLIGONO_SELECAO WHERE USUARIO = 'nexus' AND TIPO = 1)
ExportaEPANet;01/05/2013 19:32:52 - 79 - Trecho lido: 8110
ExportaEPANet;01/05/2013 19:32:52 - 79 - Trecho lido: 8110 - Nó inicial: 7464
ExportaEPANet;01/05/2013 19:32:52 - 79 - Trecho lido: 8110 - Nó final: 7465
ExportaEPANet;Querie rsTrechos: SELECT * FROM WATERLINES INNER JOIN X_MATERIAL ON WATERLINES.MATERIAL = X_MATERIAL.MATERIALID WHERE WATERLINES.OBJECT_ID_ IN (SELECT OBJECT_ID_ FROM POLIGONO_SELECAO WHERE USUARIO = 'nexus' AND TIPO = 1)
ExportaEPANet;01/05/2013 19:32:52 - 80 - Trecho lido: 8111
ExportaEPANet;01/05/2013 19:32:52 - 80 - Trecho lido: 8111 - Nó inicial: 7464
ExportaEPANet;01/05/2013 19:32:52 - 80 - Trecho lido: 8111 - Nó final: 7459
ExportaEPANet;Querie rsTrechos: SELECT * FROM WATERLINES INNER JOIN X_MATERIAL ON WATERLINES.MATERIAL = X_MATERIAL.MATERIALID WHERE WATERLINES.OBJECT_ID_ IN (SELECT OBJECT_ID_ FROM POLIGONO_SELECAO WHERE USUARIO = 'nexus' AND TIPO = 1)
ExportaEPANet;01/05/2013 19:32:52 - 81 - Trecho lido: 8113
ExportaEPANet;01/05/2013 19:32:52 - 81 - Trecho lido: 8113 - Nó inicial: 7467
ExportaEPANet;01/05/2013 19:32:52 - 81 - Trecho lido: 8113 - Nó final: 7458
ExportaEPANet;Querie rsTrechos: SELECT * FROM WATERLINES INNER JOIN X_MATERIAL ON WATERLINES.MATERIAL = X_MATERIAL.MATERIALID WHERE WATERLINES.OBJECT_ID_ IN (SELECT OBJECT_ID_ FROM POLIGONO_SELECAO WHERE USUARIO = 'nexus' AND TIPO = 1)
ExportaEPANet;01/05/2013 19:32:52 - 82 - Trecho lido: 8115
ExportaEPANet;01/05/2013 19:32:52 - 82 - Trecho lido: 8115 - Nó inicial: 7459
ExportaEPANet;01/05/2013 19:32:52 - 82 - Trecho lido: 8115 - Nó final: 7469
ExportaEPANet;Querie rsTrechos: SELECT * FROM WATERLINES INNER JOIN X_MATERIAL ON WATERLINES.MATERIAL = X_MATERIAL.MATERIALID WHERE WATERLINES.OBJECT_ID_ IN (SELECT OBJECT_ID_ FROM POLIGONO_SELECAO WHERE USUARIO = 'nexus' AND TIPO = 1)
ExportaEPANet;01/05/2013 19:32:52 - 83 - Trecho lido: 8116
ExportaEPANet;01/05/2013 19:32:52 - 83 - Trecho lido: 8116 - Nó inicial: 7469
ExportaEPANet;01/05/2013 19:32:52 - 83 - Trecho lido: 8116 - Nó final: 7473
ExportaEPANet;Querie rsTrechos: SELECT * FROM WATERLINES INNER JOIN X_MATERIAL ON WATERLINES.MATERIAL = X_MATERIAL.MATERIALID WHERE WATERLINES.OBJECT_ID_ IN (SELECT OBJECT_ID_ FROM POLIGONO_SELECAO WHERE USUARIO = 'nexus' AND TIPO = 1)
ExportaEPANet;01/05/2013 19:32:52 - 84 - Trecho lido: 8119
ExportaEPANet;01/05/2013 19:32:52 - 84 - Trecho lido: 8119 - Nó inicial: 7473
ExportaEPANet;01/05/2013 19:32:52 - 84 - Trecho lido: 8119 - Nó final: 7474
ExportaEPANet;Querie rsTrechos: SELECT * FROM WATERLINES INNER JOIN X_MATERIAL ON WATERLINES.MATERIAL = X_MATERIAL.MATERIALID WHERE WATERLINES.OBJECT_ID_ IN (SELECT OBJECT_ID_ FROM POLIGONO_SELECAO WHERE USUARIO = 'nexus' AND TIPO = 1)
ExportaEPANet;01/05/2013 19:32:53 - 85 - Trecho lido: 8120
ExportaEPANet;01/05/2013 19:32:53 - 85 - Trecho lido: 8120 - Nó inicial: 7474
ExportaEPANet;01/05/2013 19:32:53 - 85 - Trecho lido: 8120 - Nó final: 7470
ExportaEPANet;Querie rsTrechos: SELECT * FROM WATERLINES INNER JOIN X_MATERIAL ON WATERLINES.MATERIAL = X_MATERIAL.MATERIALID WHERE WATERLINES.OBJECT_ID_ IN (SELECT OBJECT_ID_ FROM POLIGONO_SELECAO WHERE USUARIO = 'nexus' AND TIPO = 1)
ExportaEPANet;01/05/2013 19:32:53 - 86 - Trecho lido: 8121
ExportaEPANet;01/05/2013 19:32:53 - 86 - Trecho lido: 8121 - Nó inicial: 7473
ExportaEPANet;01/05/2013 19:32:53 - 86 - Trecho lido: 8121 - Nó final: 7475
ExportaEPANet;Querie rsTrechos: SELECT * FROM WATERLINES INNER JOIN X_MATERIAL ON WATERLINES.MATERIAL = X_MATERIAL.MATERIALID WHERE WATERLINES.OBJECT_ID_ IN (SELECT OBJECT_ID_ FROM POLIGONO_SELECAO WHERE USUARIO = 'nexus' AND TIPO = 1)
ExportaEPANet;01/05/2013 19:32:53 - 87 - Trecho lido: 8123
ExportaEPANet;01/05/2013 19:32:53 - 87 - Trecho lido: 8123 - Nó inicial: 7477
ExportaEPANet;01/05/2013 19:32:53 - 87 - Trecho lido: 8123 - Nó final: 7478
ExportaEPANet;Querie rsTrechos: SELECT * FROM WATERLINES INNER JOIN X_MATERIAL ON WATERLINES.MATERIAL = X_MATERIAL.MATERIALID WHERE WATERLINES.OBJECT_ID_ IN (SELECT OBJECT_ID_ FROM POLIGONO_SELECAO WHERE USUARIO = 'nexus' AND TIPO = 1)
ExportaEPANet;01/05/2013 19:32:53 - 88 - Trecho lido: 8124
ExportaEPANet;01/05/2013 19:32:53 - 88 - Trecho lido: 8124 - Nó inicial: 7478
ExportaEPANet;01/05/2013 19:32:53 - 88 - Trecho lido: 8124 - Nó final: 7470
ExportaEPANet;Querie rsTrechos: SELECT * FROM WATERLINES INNER JOIN X_MATERIAL ON WATERLINES.MATERIAL = X_MATERIAL.MATERIALID WHERE WATERLINES.OBJECT_ID_ IN (SELECT OBJECT_ID_ FROM POLIGONO_SELECAO WHERE USUARIO = 'nexus' AND TIPO = 1)
ExportaEPANet;01/05/2013 19:32:53 - 89 - Trecho lido: 8125
ExportaEPANet;01/05/2013 19:32:53 - 89 - Trecho lido: 8125 - Nó inicial: 7477
ExportaEPANet;01/05/2013 19:32:53 - 89 - Trecho lido: 8125 - Nó final: 7479
ExportaEPANet;Querie rsTrechos: SELECT * FROM WATERLINES INNER JOIN X_MATERIAL ON WATERLINES.MATERIAL = X_MATERIAL.MATERIALID WHERE WATERLINES.OBJECT_ID_ IN (SELECT OBJECT_ID_ FROM POLIGONO_SELECAO WHERE USUARIO = 'nexus' AND TIPO = 1)
ExportaEPANet;01/05/2013 19:32:53 - 90 - Trecho lido: 8126
ExportaEPANet;01/05/2013 19:32:53 - 90 - Trecho lido: 8126 - Nó inicial: 7478
ExportaEPANet;01/05/2013 19:32:53 - 90 - Trecho lido: 8126 - Nó final: 7480
ExportaEPANet;Querie rsTrechos: SELECT * FROM WATERLINES INNER JOIN X_MATERIAL ON WATERLINES.MATERIAL = X_MATERIAL.MATERIALID WHERE WATERLINES.OBJECT_ID_ IN (SELECT OBJECT_ID_ FROM POLIGONO_SELECAO WHERE USUARIO = 'nexus' AND TIPO = 1)
ExportaEPANet;01/05/2013 19:32:53 - 91 - Trecho lido: 8127
ExportaEPANet;01/05/2013 19:32:53 - 91 - Trecho lido: 8127 - Nó inicial: 7470
ExportaEPANet;01/05/2013 19:32:53 - 91 - Trecho lido: 8127 - Nó final: 7481
ExportaEPANet;Querie rsTrechos: SELECT * FROM WATERLINES INNER JOIN X_MATERIAL ON WATERLINES.MATERIAL = X_MATERIAL.MATERIALID WHERE WATERLINES.OBJECT_ID_ IN (SELECT OBJECT_ID_ FROM POLIGONO_SELECAO WHERE USUARIO = 'nexus' AND TIPO = 1)
ExportaEPANet;01/05/2013 19:32:53 - 92 - Trecho lido: 8131
ExportaEPANet;01/05/2013 19:32:53 - 92 - Trecho lido: 8131 - Nó inicial: 7403
ExportaEPANet;01/05/2013 19:32:53 - 92 - Trecho lido: 8131 - Nó final: 7492
ExportaEPANet;Querie rsTrechos: SELECT * FROM WATERLINES INNER JOIN X_MATERIAL ON WATERLINES.MATERIAL = X_MATERIAL.MATERIALID WHERE WATERLINES.OBJECT_ID_ IN (SELECT OBJECT_ID_ FROM POLIGONO_SELECAO WHERE USUARIO = 'nexus' AND TIPO = 1)
ExportaEPANet;01/05/2013 19:32:53 - 93 - Trecho lido: 8132
ExportaEPANet;01/05/2013 19:32:53 - 93 - Trecho lido: 8132 - Nó inicial: 7480
ExportaEPANet;01/05/2013 19:32:53 - 93 - Trecho lido: 8132 - Nó final: 7479
ExportaEPANet;Querie rsTrechos: SELECT * FROM WATERLINES INNER JOIN X_MATERIAL ON WATERLINES.MATERIAL = X_MATERIAL.MATERIALID WHERE WATERLINES.OBJECT_ID_ IN (SELECT OBJECT_ID_ FROM POLIGONO_SELECAO WHERE USUARIO = 'nexus' AND TIPO = 1)
ExportaEPANet;01/05/2013 19:32:53 - 94 - Trecho lido: 8133
ExportaEPANet;01/05/2013 19:32:53 - 94 - Trecho lido: 8133 - Nó inicial: 7479
ExportaEPANet;01/05/2013 19:32:53 - 94 - Trecho lido: 8133 - Nó final: 7485
ExportaEPANet;Querie rsTrechos: SELECT * FROM WATERLINES INNER JOIN X_MATERIAL ON WATERLINES.MATERIAL = X_MATERIAL.MATERIALID WHERE WATERLINES.OBJECT_ID_ IN (SELECT OBJECT_ID_ FROM POLIGONO_SELECAO WHERE USUARIO = 'nexus' AND TIPO = 1)
ExportaEPANet;01/05/2013 19:32:53 - 95 - Trecho lido: 8134
ExportaEPANet;01/05/2013 19:32:53 - 95 - Trecho lido: 8134 - Nó inicial: 7485
ExportaEPANet;01/05/2013 19:32:53 - 95 - Trecho lido: 8134 - Nó final: 7486
ExportaEPANet;Querie rsTrechos: SELECT * FROM WATERLINES INNER JOIN X_MATERIAL ON WATERLINES.MATERIAL = X_MATERIAL.MATERIALID WHERE WATERLINES.OBJECT_ID_ IN (SELECT OBJECT_ID_ FROM POLIGONO_SELECAO WHERE USUARIO = 'nexus' AND TIPO = 1)
ExportaEPANet;01/05/2013 19:32:53 - 96 - Trecho lido: 8135
ExportaEPANet;01/05/2013 19:32:53 - 96 - Trecho lido: 8135 - Nó inicial: 7486
ExportaEPANet;01/05/2013 19:32:53 - 96 - Trecho lido: 8135 - Nó final: 7487
ExportaEPANet;Querie rsTrechos: SELECT * FROM WATERLINES INNER JOIN X_MATERIAL ON WATERLINES.MATERIAL = X_MATERIAL.MATERIALID WHERE WATERLINES.OBJECT_ID_ IN (SELECT OBJECT_ID_ FROM POLIGONO_SELECAO WHERE USUARIO = 'nexus' AND TIPO = 1)
ExportaEPANet;01/05/2013 19:32:53 - 97 - Trecho lido: 8136
ExportaEPANet;01/05/2013 19:32:53 - 97 - Trecho lido: 8136 - Nó inicial: 7487
ExportaEPANet;01/05/2013 19:32:53 - 97 - Trecho lido: 8136 - Nó final: 7488
ExportaEPANet;Querie rsTrechos: SELECT * FROM WATERLINES INNER JOIN X_MATERIAL ON WATERLINES.MATERIAL = X_MATERIAL.MATERIALID WHERE WATERLINES.OBJECT_ID_ IN (SELECT OBJECT_ID_ FROM POLIGONO_SELECAO WHERE USUARIO = 'nexus' AND TIPO = 1)
ExportaEPANet;01/05/2013 19:32:53 - 98 - Trecho lido: 8137
ExportaEPANet;01/05/2013 19:32:53 - 98 - Trecho lido: 8137 - Nó inicial: 7487
ExportaEPANet;01/05/2013 19:32:53 - 98 - Trecho lido: 8137 - Nó final: 7489
ExportaEPANet;Querie rsTrechos: SELECT * FROM WATERLINES INNER JOIN X_MATERIAL ON WATERLINES.MATERIAL = X_MATERIAL.MATERIALID WHERE WATERLINES.OBJECT_ID_ IN (SELECT OBJECT_ID_ FROM POLIGONO_SELECAO WHERE USUARIO = 'nexus' AND TIPO = 1)
ExportaEPANet;01/05/2013 19:32:53 - 99 - Trecho lido: 8138
ExportaEPANet;01/05/2013 19:32:53 - 99 - Trecho lido: 8138 - Nó inicial: 7479
ExportaEPANet;01/05/2013 19:32:53 - 99 - Trecho lido: 8138 - Nó final: 7493
ExportaEPANet;Querie rsTrechos: SELECT * FROM WATERLINES INNER JOIN X_MATERIAL ON WATERLINES.MATERIAL = X_MATERIAL.MATERIALID WHERE WATERLINES.OBJECT_ID_ IN (SELECT OBJECT_ID_ FROM POLIGONO_SELECAO WHERE USUARIO = 'nexus' AND TIPO = 1)
ExportaEPANet;01/05/2013 19:32:53 - 100 - Trecho lido: 8139
ExportaEPANet;01/05/2013 19:32:53 - 100 - Trecho lido: 8139 - Nó inicial: 7490
ExportaEPANet;01/05/2013 19:32:53 - 100 - Trecho lido: 8139 - Nó final: 7491
ExportaEPANet;Querie rsTrechos: SELECT * FROM WATERLINES INNER JOIN X_MATERIAL ON WATERLINES.MATERIAL = X_MATERIAL.MATERIALID WHERE WATERLINES.OBJECT_ID_ IN (SELECT OBJECT_ID_ FROM POLIGONO_SELECAO WHERE USUARIO = 'nexus' AND TIPO = 1)
ExportaEPANet;01/05/2013 19:32:53 - 101 - Trecho lido: 8141
ExportaEPANet;01/05/2013 19:32:53 - 101 - Trecho lido: 8141 - Nó inicial: 7492
ExportaEPANet;01/05/2013 19:32:53 - 101 - Trecho lido: 8141 - Nó final: 7480
ExportaEPANet;Querie rsTrechos: SELECT * FROM WATERLINES INNER JOIN X_MATERIAL ON WATERLINES.MATERIAL = X_MATERIAL.MATERIALID WHERE WATERLINES.OBJECT_ID_ IN (SELECT OBJECT_ID_ FROM POLIGONO_SELECAO WHERE USUARIO = 'nexus' AND TIPO = 1)
ExportaEPANet;01/05/2013 19:32:53 - 102 - Trecho lido: 8142
ExportaEPANet;01/05/2013 19:32:53 - 102 - Trecho lido: 8142 - Nó inicial: 7493
ExportaEPANet;01/05/2013 19:32:53 - 102 - Trecho lido: 8142 - Nó final: 7494
ExportaEPANet;Querie rsTrechos: SELECT * FROM WATERLINES INNER JOIN X_MATERIAL ON WATERLINES.MATERIAL = X_MATERIAL.MATERIALID WHERE WATERLINES.OBJECT_ID_ IN (SELECT OBJECT_ID_ FROM POLIGONO_SELECAO WHERE USUARIO = 'nexus' AND TIPO = 1)
ExportaEPANet;01/05/2013 19:32:53 - 103 - Trecho lido: 8143
ExportaEPANet;01/05/2013 19:32:53 - 103 - Trecho lido: 8143 - Nó inicial: 7494
ExportaEPANet;01/05/2013 19:32:53 - 103 - Trecho lido: 8143 - Nó final: 7490
ExportaEPANet;Querie rsTrechos: SELECT * FROM WATERLINES INNER JOIN X_MATERIAL ON WATERLINES.MATERIAL = X_MATERIAL.MATERIALID WHERE WATERLINES.OBJECT_ID_ IN (SELECT OBJECT_ID_ FROM POLIGONO_SELECAO WHERE USUARIO = 'nexus' AND TIPO = 1)
ExportaEPANet;01/05/2013 19:32:53 - 104 - Trecho lido: 8144
ExportaEPANet;01/05/2013 19:32:53 - 104 - Trecho lido: 8144 - Nó inicial: 7494
ExportaEPANet;01/05/2013 19:32:53 - 104 - Trecho lido: 8144 - Nó final: 7495
ExportaEPANet;Querie rsTrechos: SELECT * FROM WATERLINES INNER JOIN X_MATERIAL ON WATERLINES.MATERIAL = X_MATERIAL.MATERIALID WHERE WATERLINES.OBJECT_ID_ IN (SELECT OBJECT_ID_ FROM POLIGONO_SELECAO WHERE USUARIO = 'nexus' AND TIPO = 1)
ExportaEPANet;01/05/2013 19:32:53 - 105 - Trecho lido: 8148
ExportaEPANet;01/05/2013 19:32:53 - 105 - Trecho lido: 8148 - Nó inicial: 7491
ExportaEPANet;01/05/2013 19:32:53 - 105 - Trecho lido: 8148 - Nó final: 7503
ExportaEPANet;Querie rsTrechos: SELECT * FROM WATERLINES INNER JOIN X_MATERIAL ON WATERLINES.MATERIAL = X_MATERIAL.MATERIALID WHERE WATERLINES.OBJECT_ID_ IN (SELECT OBJECT_ID_ FROM POLIGONO_SELECAO WHERE USUARIO = 'nexus' AND TIPO = 1)
ExportaEPANet;01/05/2013 19:32:53 - 106 - Trecho lido: 8149
ExportaEPANet;01/05/2013 19:32:53 - 106 - Trecho lido: 8149 - Nó inicial: 7498
ExportaEPANet;01/05/2013 19:32:53 - 106 - Trecho lido: 8149 - Nó final: 7499
ExportaEPANet;Querie rsTrechos: SELECT * FROM WATERLINES INNER JOIN X_MATERIAL ON WATERLINES.MATERIAL = X_MATERIAL.MATERIALID WHERE WATERLINES.OBJECT_ID_ IN (SELECT OBJECT_ID_ FROM POLIGONO_SELECAO WHERE USUARIO = 'nexus' AND TIPO = 1)
ExportaEPANet;01/05/2013 19:32:53 - 107 - Trecho lido: 8150
ExportaEPANet;01/05/2013 19:32:53 - 107 - Trecho lido: 8150 - Nó inicial: 7499
ExportaEPANet;01/05/2013 19:32:53 - 107 - Trecho lido: 8150 - Nó final: 7500
ExportaEPANet;Querie rsTrechos: SELECT * FROM WATERLINES INNER JOIN X_MATERIAL ON WATERLINES.MATERIAL = X_MATERIAL.MATERIALID WHERE WATERLINES.OBJECT_ID_ IN (SELECT OBJECT_ID_ FROM POLIGONO_SELECAO WHERE USUARIO = 'nexus' AND TIPO = 1)
ExportaEPANet;01/05/2013 19:32:53 - 108 - Trecho lido: 8151
ExportaEPANet;01/05/2013 19:32:53 - 108 - Trecho lido: 8151 - Nó inicial: 7500
ExportaEPANet;01/05/2013 19:32:53 - 108 - Trecho lido: 8151 - Nó final: 7501
ExportaEPANet;Querie rsTrechos: SELECT * FROM WATERLINES INNER JOIN X_MATERIAL ON WATERLINES.MATERIAL = X_MATERIAL.MATERIALID WHERE WATERLINES.OBJECT_ID_ IN (SELECT OBJECT_ID_ FROM POLIGONO_SELECAO WHERE USUARIO = 'nexus' AND TIPO = 1)
ExportaEPANet;01/05/2013 19:32:53 - 109 - Trecho lido: 8153
ExportaEPANet;01/05/2013 19:32:53 - 109 - Trecho lido: 8153 - Nó inicial: 7503
ExportaEPANet;01/05/2013 19:32:53 - 109 - Trecho lido: 8153 - Nó final: 7498
ExportaEPANet;Querie rsTrechos: SELECT * FROM WATERLINES INNER JOIN X_MATERIAL ON WATERLINES.MATERIAL = X_MATERIAL.MATERIALID WHERE WATERLINES.OBJECT_ID_ IN (SELECT OBJECT_ID_ FROM POLIGONO_SELECAO WHERE USUARIO = 'nexus' AND TIPO = 1)
ExportaEPANet;01/05/2013 19:32:53 - 110 - Trecho lido: 8154
ExportaEPANet;01/05/2013 19:32:53 - 110 - Trecho lido: 8154 - Nó inicial: 7491
ExportaEPANet;01/05/2013 19:32:53 - 110 - Trecho lido: 8154 - Nó final: 7504
ExportaEPANet;Querie rsTrechos: SELECT * FROM WATERLINES INNER JOIN X_MATERIAL ON WATERLINES.MATERIAL = X_MATERIAL.MATERIALID WHERE WATERLINES.OBJECT_ID_ IN (SELECT OBJECT_ID_ FROM POLIGONO_SELECAO WHERE USUARIO = 'nexus' AND TIPO = 1)
ExportaEPANet;01/05/2013 19:32:53 - 111 - Trecho lido: 8155
ExportaEPANet;01/05/2013 19:32:53 - 111 - Trecho lido: 8155 - Nó inicial: 7504
ExportaEPANet;01/05/2013 19:32:53 - 111 - Trecho lido: 8155 - Nó final: 7505
ExportaEPANet;Querie rsTrechos: SELECT * FROM WATERLINES INNER JOIN X_MATERIAL ON WATERLINES.MATERIAL = X_MATERIAL.MATERIALID WHERE WATERLINES.OBJECT_ID_ IN (SELECT OBJECT_ID_ FROM POLIGONO_SELECAO WHERE USUARIO = 'nexus' AND TIPO = 1)
ExportaEPANet;01/05/2013 19:32:53 - 112 - Trecho lido: 8156
ExportaEPANet;01/05/2013 19:32:53 - 112 - Trecho lido: 8156 - Nó inicial: 7505
ExportaEPANet;01/05/2013 19:32:53 - 112 - Trecho lido: 8156 - Nó final: 7508
ExportaEPANet;Querie rsTrechos: SELECT * FROM WATERLINES INNER JOIN X_MATERIAL ON WATERLINES.MATERIAL = X_MATERIAL.MATERIALID WHERE WATERLINES.OBJECT_ID_ IN (SELECT OBJECT_ID_ FROM POLIGONO_SELECAO WHERE USUARIO = 'nexus' AND TIPO = 1)
ExportaEPANet;01/05/2013 19:32:53 - 113 - Trecho lido: 8157
ExportaEPANet;01/05/2013 19:32:53 - 113 - Trecho lido: 8157 - Nó inicial: 7506
ExportaEPANet;01/05/2013 19:32:53 - 113 - Trecho lido: 8157 - Nó final: 7507
ExportaEPANet;Querie rsTrechos: SELECT * FROM WATERLINES INNER JOIN X_MATERIAL ON WATERLINES.MATERIAL = X_MATERIAL.MATERIALID WHERE WATERLINES.OBJECT_ID_ IN (SELECT OBJECT_ID_ FROM POLIGONO_SELECAO WHERE USUARIO = 'nexus' AND TIPO = 1)
ExportaEPANet;01/05/2013 19:32:53 - 114 - Trecho lido: 8158
ExportaEPANet;01/05/2013 19:32:53 - 114 - Trecho lido: 8158 - Nó inicial: 7508
ExportaEPANet;01/05/2013 19:32:53 - 114 - Trecho lido: 8158 - Nó final: 7506
ExportaEPANet;Querie rsTrechos: SELECT * FROM WATERLINES INNER JOIN X_MATERIAL ON WATERLINES.MATERIAL = X_MATERIAL.MATERIALID WHERE WATERLINES.OBJECT_ID_ IN (SELECT OBJECT_ID_ FROM POLIGONO_SELECAO WHERE USUARIO = 'nexus' AND TIPO = 1)
ExportaEPANet;01/05/2013 19:32:53 - 115 - Trecho lido: 8159
ExportaEPANet;01/05/2013 19:32:53 - 115 - Trecho lido: 8159 - Nó inicial: 7507
ExportaEPANet;01/05/2013 19:32:53 - 115 - Trecho lido: 8159 - Nó final: 7509
ExportaEPANet;Querie rsTrechos: SELECT * FROM WATERLINES INNER JOIN X_MATERIAL ON WATERLINES.MATERIAL = X_MATERIAL.MATERIALID WHERE WATERLINES.OBJECT_ID_ IN (SELECT OBJECT_ID_ FROM POLIGONO_SELECAO WHERE USUARIO = 'nexus' AND TIPO = 1)
ExportaEPANet;01/05/2013 19:32:53 - 116 - Trecho lido: 8160
ExportaEPANet;01/05/2013 19:32:53 - 116 - Trecho lido: 8160 - Nó inicial: 7509
ExportaEPANet;01/05/2013 19:32:53 - 116 - Trecho lido: 8160 - Nó final: 7512
ExportaEPANet;Querie rsTrechos: SELECT * FROM WATERLINES INNER JOIN X_MATERIAL ON WATERLINES.MATERIAL = X_MATERIAL.MATERIALID WHERE WATERLINES.OBJECT_ID_ IN (SELECT OBJECT_ID_ FROM POLIGONO_SELECAO WHERE USUARIO = 'nexus' AND TIPO = 1)
ExportaEPANet;01/05/2013 19:32:54 - 117 - Trecho lido: 8161
ExportaEPANet;01/05/2013 19:32:54 - 117 - Trecho lido: 8161 - Nó inicial: 7510
ExportaEPANet;01/05/2013 19:32:54 - 117 - Trecho lido: 8161 - Nó final: 7511
ExportaEPANet;Querie rsTrechos: SELECT * FROM WATERLINES INNER JOIN X_MATERIAL ON WATERLINES.MATERIAL = X_MATERIAL.MATERIALID WHERE WATERLINES.OBJECT_ID_ IN (SELECT OBJECT_ID_ FROM POLIGONO_SELECAO WHERE USUARIO = 'nexus' AND TIPO = 1)
ExportaEPANet;01/05/2013 19:32:54 - 118 - Trecho lido: 8162
ExportaEPANet;01/05/2013 19:32:54 - 118 - Trecho lido: 8162 - Nó inicial: 7511
ExportaEPANet;01/05/2013 19:32:54 - 118 - Trecho lido: 8162 - Nó final: 7507
ExportaEPANet;Querie rsTrechos: SELECT * FROM WATERLINES INNER JOIN X_MATERIAL ON WATERLINES.MATERIAL = X_MATERIAL.MATERIALID WHERE WATERLINES.OBJECT_ID_ IN (SELECT OBJECT_ID_ FROM POLIGONO_SELECAO WHERE USUARIO = 'nexus' AND TIPO = 1)
ExportaEPANet;01/05/2013 19:32:54 - 119 - Trecho lido: 8163
ExportaEPANet;01/05/2013 19:32:54 - 119 - Trecho lido: 8163 - Nó inicial: 7512
ExportaEPANet;01/05/2013 19:32:54 - 119 - Trecho lido: 8163 - Nó final: 7510
ExportaEPANet;Querie rsTrechos: SELECT * FROM WATERLINES INNER JOIN X_MATERIAL ON WATERLINES.MATERIAL = X_MATERIAL.MATERIALID WHERE WATERLINES.OBJECT_ID_ IN (SELECT OBJECT_ID_ FROM POLIGONO_SELECAO WHERE USUARIO = 'nexus' AND TIPO = 1)
ExportaEPANet;01/05/2013 19:32:54 - 120 - Trecho lido: 8164
ExportaEPANet;01/05/2013 19:32:54 - 120 - Trecho lido: 8164 - Nó inicial: 7512
ExportaEPANet;01/05/2013 19:32:54 - 120 - Trecho lido: 8164 - Nó final: 7513
ExportaEPANet;Querie rsTrechos: SELECT * FROM WATERLINES INNER JOIN X_MATERIAL ON WATERLINES.MATERIAL = X_MATERIAL.MATERIALID WHERE WATERLINES.OBJECT_ID_ IN (SELECT OBJECT_ID_ FROM POLIGONO_SELECAO WHERE USUARIO = 'nexus' AND TIPO = 1)
ExportaEPANet;01/05/2013 19:32:54 - 121 - Trecho lido: 8165
ExportaEPANet;01/05/2013 19:32:54 - 121 - Trecho lido: 8165 - Nó inicial: 7406
ExportaEPANet;01/05/2013 19:32:54 - 121 - Trecho lido: 8165 - Nó final: 7514
ExportaEPANet;Querie rsTrechos: SELECT * FROM WATERLINES INNER JOIN X_MATERIAL ON WATERLINES.MATERIAL = X_MATERIAL.MATERIALID WHERE WATERLINES.OBJECT_ID_ IN (SELECT OBJECT_ID_ FROM POLIGONO_SELECAO WHERE USUARIO = 'nexus' AND TIPO = 1)
ExportaEPANet;01/05/2013 19:32:54 - 122 - Trecho lido: 8166
ExportaEPANet;01/05/2013 19:32:54 - 122 - Trecho lido: 8166 - Nó inicial: 7514
ExportaEPANet;01/05/2013 19:32:54 - 122 - Trecho lido: 8166 - Nó final: 7515
ExportaEPANet;Querie rsTrechos: SELECT * FROM WATERLINES INNER JOIN X_MATERIAL ON WATERLINES.MATERIAL = X_MATERIAL.MATERIALID WHERE WATERLINES.OBJECT_ID_ IN (SELECT OBJECT_ID_ FROM POLIGONO_SELECAO WHERE USUARIO = 'nexus' AND TIPO = 1)
ExportaEPANet;01/05/2013 19:32:54 - 123 - Trecho lido: 8167
ExportaEPANet;01/05/2013 19:32:54 - 123 - Trecho lido: 8167 - Nó inicial: 7514
ExportaEPANet;01/05/2013 19:32:54 - 123 - Trecho lido: 8167 - Nó final: 7522
ExportaEPANet;Querie rsTrechos: SELECT * FROM WATERLINES INNER JOIN X_MATERIAL ON WATERLINES.MATERIAL = X_MATERIAL.MATERIALID WHERE WATERLINES.OBJECT_ID_ IN (SELECT OBJECT_ID_ FROM POLIGONO_SELECAO WHERE USUARIO = 'nexus' AND TIPO = 1)
ExportaEPANet;01/05/2013 19:32:54 - 124 - Trecho lido: 8168
ExportaEPANet;01/05/2013 19:32:54 - 124 - Trecho lido: 8168 - Nó inicial: 7516
ExportaEPANet;01/05/2013 19:32:54 - 124 - Trecho lido: 8168 - Nó final: 7517
ExportaEPANet;Querie rsTrechos: SELECT * FROM WATERLINES INNER JOIN X_MATERIAL ON WATERLINES.MATERIAL = X_MATERIAL.MATERIALID WHERE WATERLINES.OBJECT_ID_ IN (SELECT OBJECT_ID_ FROM POLIGONO_SELECAO WHERE USUARIO = 'nexus' AND TIPO = 1)
ExportaEPANet;01/05/2013 19:32:54 - 125 - Trecho lido: 8169
ExportaEPANet;01/05/2013 19:32:54 - 125 - Trecho lido: 8169 - Nó inicial: 7501
ExportaEPANet;01/05/2013 19:32:54 - 125 - Trecho lido: 8169 - Nó final: 7518
ExportaEPANet;Querie rsTrechos: SELECT * FROM WATERLINES INNER JOIN X_MATERIAL ON WATERLINES.MATERIAL = X_MATERIAL.MATERIALID WHERE WATERLINES.OBJECT_ID_ IN (SELECT OBJECT_ID_ FROM POLIGONO_SELECAO WHERE USUARIO = 'nexus' AND TIPO = 1)
ExportaEPANet;01/05/2013 19:32:54 - 126 - Trecho lido: 8170
ExportaEPANet;01/05/2013 19:32:54 - 126 - Trecho lido: 8170 - Nó inicial: 7518
ExportaEPANet;01/05/2013 19:32:54 - 126 - Trecho lido: 8170 - Nó final: 7519
ExportaEPANet;Querie rsTrechos: SELECT * FROM WATERLINES INNER JOIN X_MATERIAL ON WATERLINES.MATERIAL = X_MATERIAL.MATERIALID WHERE WATERLINES.OBJECT_ID_ IN (SELECT OBJECT_ID_ FROM POLIGONO_SELECAO WHERE USUARIO = 'nexus' AND TIPO = 1)
ExportaEPANet;01/05/2013 19:32:54 - 127 - Trecho lido: 8171
ExportaEPANet;01/05/2013 19:32:54 - 127 - Trecho lido: 8171 - Nó inicial: 7519
ExportaEPANet;01/05/2013 19:32:54 - 127 - Trecho lido: 8171 - Nó final: 7516
ExportaEPANet;Querie rsTrechos: SELECT * FROM WATERLINES INNER JOIN X_MATERIAL ON WATERLINES.MATERIAL = X_MATERIAL.MATERIALID WHERE WATERLINES.OBJECT_ID_ IN (SELECT OBJECT_ID_ FROM POLIGONO_SELECAO WHERE USUARIO = 'nexus' AND TIPO = 1)
ExportaEPANet;01/05/2013 19:32:54 - 128 - Trecho lido: 8173
ExportaEPANet;01/05/2013 19:32:54 - 128 - Trecho lido: 8173 - Nó inicial: 7522
ExportaEPANet;01/05/2013 19:32:54 - 128 - Trecho lido: 8173 - Nó final: 7516
ExportaEPANet;Querie rsTrechos: SELECT * FROM WATERLINES INNER JOIN X_MATERIAL ON WATERLINES.MATERIAL = X_MATERIAL.MATERIALID WHERE WATERLINES.OBJECT_ID_ IN (SELECT OBJECT_ID_ FROM POLIGONO_SELECAO WHERE USUARIO = 'nexus' AND TIPO = 1)
ExportaEPANet;01/05/2013 19:32:54 - 129 - Trecho lido: 8177
ExportaEPANet;01/05/2013 19:32:54 - 129 - Trecho lido: 8177 - Nó inicial: 7523
ExportaEPANet;01/05/2013 19:32:54 - 129 - Trecho lido: 8177 - Nó final: 7524
ExportaEPANet;Querie rsTrechos: SELECT * FROM WATERLINES INNER JOIN X_MATERIAL ON WATERLINES.MATERIAL = X_MATERIAL.MATERIALID WHERE WATERLINES.OBJECT_ID_ IN (SELECT OBJECT_ID_ FROM POLIGONO_SELECAO WHERE USUARIO = 'nexus' AND TIPO = 1)
ExportaEPANet;01/05/2013 19:32:54 - 130 - Trecho lido: 8178
ExportaEPANet;01/05/2013 19:32:54 - 130 - Trecho lido: 8178 - Nó inicial: 7524
ExportaEPANet;01/05/2013 19:32:54 - 130 - Trecho lido: 8178 - Nó final: 7406
ExportaEPANet;Querie rsTrechos: SELECT * FROM WATERLINES INNER JOIN X_MATERIAL ON WATERLINES.MATERIAL = X_MATERIAL.MATERIALID WHERE WATERLINES.OBJECT_ID_ IN (SELECT OBJECT_ID_ FROM POLIGONO_SELECAO WHERE USUARIO = 'nexus' AND TIPO = 1)
ExportaEPANet;01/05/2013 19:32:54 - 131 - Trecho lido: 8179
ExportaEPANet;01/05/2013 19:32:54 - 131 - Trecho lido: 8179 - Nó inicial: 7523
ExportaEPANet;01/05/2013 19:32:54 - 131 - Trecho lido: 8179 - Nó final: 7525
ExportaEPANet;Querie rsTrechos: SELECT * FROM WATERLINES INNER JOIN X_MATERIAL ON WATERLINES.MATERIAL = X_MATERIAL.MATERIALID WHERE WATERLINES.OBJECT_ID_ IN (SELECT OBJECT_ID_ FROM POLIGONO_SELECAO WHERE USUARIO = 'nexus' AND TIPO = 1)
ExportaEPANet;01/05/2013 19:32:54 - 132 - Trecho lido: 8182
ExportaEPANet;01/05/2013 19:32:54 - 132 - Trecho lido: 8182 - Nó inicial: 7529
ExportaEPANet;01/05/2013 19:32:54 - 132 - Trecho lido: 8182 - Nó final: 7530
ExportaEPANet;Querie rsTrechos: SELECT * FROM WATERLINES INNER JOIN X_MATERIAL ON WATERLINES.MATERIAL = X_MATERIAL.MATERIALID WHERE WATERLINES.OBJECT_ID_ IN (SELECT OBJECT_ID_ FROM POLIGONO_SELECAO WHERE USUARIO = 'nexus' AND TIPO = 1)
ExportaEPANet;01/05/2013 19:32:54 - 133 - Trecho lido: 8183
ExportaEPANet;01/05/2013 19:32:54 - 133 - Trecho lido: 8183 - Nó inicial: 7530
ExportaEPANet;01/05/2013 19:32:54 - 133 - Trecho lido: 8183 - Nó final: 7536
ExportaEPANet;Querie rsTrechos: SELECT * FROM WATERLINES INNER JOIN X_MATERIAL ON WATERLINES.MATERIAL = X_MATERIAL.MATERIALID WHERE WATERLINES.OBJECT_ID_ IN (SELECT OBJECT_ID_ FROM POLIGONO_SELECAO WHERE USUARIO = 'nexus' AND TIPO = 1)
ExportaEPANet;01/05/2013 19:32:54 - 134 - Trecho lido: 8184
ExportaEPANet;01/05/2013 19:32:54 - 134 - Trecho lido: 8184 - Nó inicial: 7529
ExportaEPANet;01/05/2013 19:32:54 - 134 - Trecho lido: 8184 - Nó final: 7531
ExportaEPANet;Querie rsTrechos: SELECT * FROM WATERLINES INNER JOIN X_MATERIAL ON WATERLINES.MATERIAL = X_MATERIAL.MATERIALID WHERE WATERLINES.OBJECT_ID_ IN (SELECT OBJECT_ID_ FROM POLIGONO_SELECAO WHERE USUARIO = 'nexus' AND TIPO = 1)
ExportaEPANet;01/05/2013 19:32:54 - 135 - Trecho lido: 8185
ExportaEPANet;01/05/2013 19:32:54 - 135 - Trecho lido: 8185 - Nó inicial: 7531
ExportaEPANet;01/05/2013 19:32:54 - 135 - Trecho lido: 8185 - Nó final: 7532
ExportaEPANet;Querie rsTrechos: SELECT * FROM WATERLINES INNER JOIN X_MATERIAL ON WATERLINES.MATERIAL = X_MATERIAL.MATERIALID WHERE WATERLINES.OBJECT_ID_ IN (SELECT OBJECT_ID_ FROM POLIGONO_SELECAO WHERE USUARIO = 'nexus' AND TIPO = 1)
ExportaEPANet;01/05/2013 19:32:54 - 136 - Trecho lido: 8186
ExportaEPANet;01/05/2013 19:32:54 - 136 - Trecho lido: 8186 - Nó inicial: 7532
ExportaEPANet;01/05/2013 19:32:54 - 136 - Trecho lido: 8186 - Nó final: 7534
ExportaEPANet;Querie rsTrechos: SELECT * FROM WATERLINES INNER JOIN X_MATERIAL ON WATERLINES.MATERIAL = X_MATERIAL.MATERIALID WHERE WATERLINES.OBJECT_ID_ IN (SELECT OBJECT_ID_ FROM POLIGONO_SELECAO WHERE USUARIO = 'nexus' AND TIPO = 1)
ExportaEPANet;01/05/2013 19:32:54 - 137 - Trecho lido: 8189
ExportaEPANet;01/05/2013 19:32:54 - 137 - Trecho lido: 8189 - Nó inicial: 7532
ExportaEPANet;01/05/2013 19:32:54 - 137 - Trecho lido: 8189 - Nó final: 7535
ExportaEPANet;Querie rsTrechos: SELECT * FROM WATERLINES INNER JOIN X_MATERIAL ON WATERLINES.MATERIAL = X_MATERIAL.MATERIALID WHERE WATERLINES.OBJECT_ID_ IN (SELECT OBJECT_ID_ FROM POLIGONO_SELECAO WHERE USUARIO = 'nexus' AND TIPO = 1)
ExportaEPANet;01/05/2013 19:32:54 - 138 - Trecho lido: 8190
ExportaEPANet;01/05/2013 19:32:54 - 138 - Trecho lido: 8190 - Nó inicial: 7536
ExportaEPANet;01/05/2013 19:32:54 - 138 - Trecho lido: 8190 - Nó final: 7515
ExportaEPANet;Querie rsTrechos: SELECT * FROM WATERLINES INNER JOIN X_MATERIAL ON WATERLINES.MATERIAL = X_MATERIAL.MATERIALID WHERE WATERLINES.OBJECT_ID_ IN (SELECT OBJECT_ID_ FROM POLIGONO_SELECAO WHERE USUARIO = 'nexus' AND TIPO = 1)
ExportaEPANet;01/05/2013 19:32:54 - 139 - Trecho lido: 8221
ExportaEPANet;01/05/2013 19:32:54 - 139 - Trecho lido: 8221 - Nó inicial: 7530
ExportaEPANet;01/05/2013 19:32:54 - 139 - Trecho lido: 8221 - Nó final: 7534
ExportaEPANet;Querie rsTrechos: SELECT * FROM WATERLINES INNER JOIN X_MATERIAL ON WATERLINES.MATERIAL = X_MATERIAL.MATERIALID WHERE WATERLINES.OBJECT_ID_ IN (SELECT OBJECT_ID_ FROM POLIGONO_SELECAO WHERE USUARIO = 'nexus' AND TIPO = 1)
ExportaEPANet;01/05/2013 19:32:54 - 140 - Trecho lido: 8222
ExportaEPANet;01/05/2013 19:32:54 - 140 - Trecho lido: 8222 - Nó inicial: 7515
ExportaEPANet;01/05/2013 19:32:54 - 140 - Trecho lido: 8222 - Nó final: 7567
ExportaEPANet;Querie rsTrechos: SELECT * FROM WATERLINES INNER JOIN X_MATERIAL ON WATERLINES.MATERIAL = X_MATERIAL.MATERIALID WHERE WATERLINES.OBJECT_ID_ IN (SELECT OBJECT_ID_ FROM POLIGONO_SELECAO WHERE USUARIO = 'nexus' AND TIPO = 1)
ExportaEPANet;01/05/2013 19:32:54 - 141 - Trecho lido: 8223
ExportaEPANet;01/05/2013 19:32:54 - 141 - Trecho lido: 8223 - Nó inicial: 7567
ExportaEPANet;01/05/2013 19:32:54 - 141 - Trecho lido: 8223 - Nó final: 7575
ExportaEPANet;Querie rsTrechos: SELECT * FROM WATERLINES INNER JOIN X_MATERIAL ON WATERLINES.MATERIAL = X_MATERIAL.MATERIALID WHERE WATERLINES.OBJECT_ID_ IN (SELECT OBJECT_ID_ FROM POLIGONO_SELECAO WHERE USUARIO = 'nexus' AND TIPO = 1)
ExportaEPANet;01/05/2013 19:32:54 - 142 - Trecho lido: 8224
ExportaEPANet;01/05/2013 19:32:54 - 142 - Trecho lido: 8224 - Nó inicial: 7534
ExportaEPANet;01/05/2013 19:32:54 - 142 - Trecho lido: 8224 - Nó final: 7569
ExportaEPANet;Querie rsTrechos: SELECT * FROM WATERLINES INNER JOIN X_MATERIAL ON WATERLINES.MATERIAL = X_MATERIAL.MATERIALID WHERE WATERLINES.OBJECT_ID_ IN (SELECT OBJECT_ID_ FROM POLIGONO_SELECAO WHERE USUARIO = 'nexus' AND TIPO = 1)
ExportaEPANet;01/05/2013 19:32:54 - 143 - Trecho lido: 8225
ExportaEPANet;01/05/2013 19:32:54 - 143 - Trecho lido: 8225 - Nó inicial: 7569
ExportaEPANet;01/05/2013 19:32:54 - 143 - Trecho lido: 8225 - Nó final: 7570
ExportaEPANet;Querie rsTrechos: SELECT * FROM WATERLINES INNER JOIN X_MATERIAL ON WATERLINES.MATERIAL = X_MATERIAL.MATERIALID WHERE WATERLINES.OBJECT_ID_ IN (SELECT OBJECT_ID_ FROM POLIGONO_SELECAO WHERE USUARIO = 'nexus' AND TIPO = 1)
ExportaEPANet;01/05/2013 19:32:54 - 144 - Trecho lido: 8226
ExportaEPANet;01/05/2013 19:32:54 - 144 - Trecho lido: 8226 - Nó inicial: 7570
ExportaEPANet;01/05/2013 19:32:54 - 144 - Trecho lido: 8226 - Nó final: 7571
ExportaEPANet;Querie rsTrechos: SELECT * FROM WATERLINES INNER JOIN X_MATERIAL ON WATERLINES.MATERIAL = X_MATERIAL.MATERIALID WHERE WATERLINES.OBJECT_ID_ IN (SELECT OBJECT_ID_ FROM POLIGONO_SELECAO WHERE USUARIO = 'nexus' AND TIPO = 1)
ExportaEPANet;01/05/2013 19:32:54 - 145 - Trecho lido: 8227
ExportaEPANet;01/05/2013 19:32:54 - 145 - Trecho lido: 8227 - Nó inicial: 7571
ExportaEPANet;01/05/2013 19:32:54 - 145 - Trecho lido: 8227 - Nó final: 7572
ExportaEPANet;Querie rsTrechos: SELECT * FROM WATERLINES INNER JOIN X_MATERIAL ON WATERLINES.MATERIAL = X_MATERIAL.MATERIALID WHERE WATERLINES.OBJECT_ID_ IN (SELECT OBJECT_ID_ FROM POLIGONO_SELECAO WHERE USUARIO = 'nexus' AND TIPO = 1)
ExportaEPANet;01/05/2013 19:32:54 - 146 - Trecho lido: 8228
ExportaEPANet;01/05/2013 19:32:54 - 146 - Trecho lido: 8228 - Nó inicial: 7572
ExportaEPANet;01/05/2013 19:32:54 - 146 - Trecho lido: 8228 - Nó final: 7573
ExportaEPANet;Querie rsTrechos: SELECT * FROM WATERLINES INNER JOIN X_MATERIAL ON WATERLINES.MATERIAL = X_MATERIAL.MATERIALID WHERE WATERLINES.OBJECT_ID_ IN (SELECT OBJECT_ID_ FROM POLIGONO_SELECAO WHERE USUARIO = 'nexus' AND TIPO = 1)
ExportaEPANet;01/05/2013 19:32:55 - 147 - Trecho lido: 8229
ExportaEPANet;01/05/2013 19:32:55 - 147 - Trecho lido: 8229 - Nó inicial: 7573
ExportaEPANet;01/05/2013 19:32:55 - 147 - Trecho lido: 8229 - Nó final: 7574
ExportaEPANet;Querie rsTrechos: SELECT * FROM WATERLINES INNER JOIN X_MATERIAL ON WATERLINES.MATERIAL = X_MATERIAL.MATERIALID WHERE WATERLINES.OBJECT_ID_ IN (SELECT OBJECT_ID_ FROM POLIGONO_SELECAO WHERE USUARIO = 'nexus' AND TIPO = 1)
ExportaEPANet;01/05/2013 19:32:55 - 148 - Trecho lido: 8230
ExportaEPANet;01/05/2013 19:32:55 - 148 - Trecho lido: 8230 - Nó inicial: 7575
ExportaEPANet;01/05/2013 19:32:55 - 148 - Trecho lido: 8230 - Nó final: 7596
ExportaEPANet;Querie rsTrechos: SELECT * FROM WATERLINES INNER JOIN X_MATERIAL ON WATERLINES.MATERIAL = X_MATERIAL.MATERIALID WHERE WATERLINES.OBJECT_ID_ IN (SELECT OBJECT_ID_ FROM POLIGONO_SELECAO WHERE USUARIO = 'nexus' AND TIPO = 1)
ExportaEPANet;01/05/2013 19:32:55 - 149 - Trecho lido: 8231
ExportaEPANet;01/05/2013 19:32:55 - 149 - Trecho lido: 8231 - Nó inicial: 7572
ExportaEPANet;01/05/2013 19:32:55 - 149 - Trecho lido: 8231 - Nó final: 7576
ExportaEPANet;Querie rsTrechos: SELECT * FROM WATERLINES INNER JOIN X_MATERIAL ON WATERLINES.MATERIAL = X_MATERIAL.MATERIALID WHERE WATERLINES.OBJECT_ID_ IN (SELECT OBJECT_ID_ FROM POLIGONO_SELECAO WHERE USUARIO = 'nexus' AND TIPO = 1)
ExportaEPANet;01/05/2013 19:32:55 - 150 - Trecho lido: 8232
ExportaEPANet;01/05/2013 19:32:55 - 150 - Trecho lido: 8232 - Nó inicial: 7576
ExportaEPANet;01/05/2013 19:32:55 - 150 - Trecho lido: 8232 - Nó final: 7575
ExportaEPANet;Querie rsTrechos: SELECT * FROM WATERLINES INNER JOIN X_MATERIAL ON WATERLINES.MATERIAL = X_MATERIAL.MATERIALID WHERE WATERLINES.OBJECT_ID_ IN (SELECT OBJECT_ID_ FROM POLIGONO_SELECAO WHERE USUARIO = 'nexus' AND TIPO = 1)
ExportaEPANet;01/05/2013 19:32:55 - 151 - Trecho lido: 8233
ExportaEPANet;01/05/2013 19:32:55 - 151 - Trecho lido: 8233 - Nó inicial: 7571
ExportaEPANet;01/05/2013 19:32:55 - 151 - Trecho lido: 8233 - Nó final: 7577
ExportaEPANet;Querie rsTrechos: SELECT * FROM WATERLINES INNER JOIN X_MATERIAL ON WATERLINES.MATERIAL = X_MATERIAL.MATERIALID WHERE WATERLINES.OBJECT_ID_ IN (SELECT OBJECT_ID_ FROM POLIGONO_SELECAO WHERE USUARIO = 'nexus' AND TIPO = 1)
ExportaEPANet;01/05/2013 19:32:55 - 152 - Trecho lido: 8234
ExportaEPANet;01/05/2013 19:32:55 - 152 - Trecho lido: 8234 - Nó inicial: 7577
ExportaEPANet;01/05/2013 19:32:55 - 152 - Trecho lido: 8234 - Nó final: 7578
ExportaEPANet;Querie rsTrechos: SELECT * FROM WATERLINES INNER JOIN X_MATERIAL ON WATERLINES.MATERIAL = X_MATERIAL.MATERIALID WHERE WATERLINES.OBJECT_ID_ IN (SELECT OBJECT_ID_ FROM POLIGONO_SELECAO WHERE USUARIO = 'nexus' AND TIPO = 1)
ExportaEPANet;01/05/2013 19:32:55 - 153 - Trecho lido: 8235
ExportaEPANet;01/05/2013 19:32:55 - 153 - Trecho lido: 8235 - Nó inicial: 7578
ExportaEPANet;01/05/2013 19:32:55 - 153 - Trecho lido: 8235 - Nó final: 7579
ExportaEPANet;Querie rsTrechos: SELECT * FROM WATERLINES INNER JOIN X_MATERIAL ON WATERLINES.MATERIAL = X_MATERIAL.MATERIALID WHERE WATERLINES.OBJECT_ID_ IN (SELECT OBJECT_ID_ FROM POLIGONO_SELECAO WHERE USUARIO = 'nexus' AND TIPO = 1)
ExportaEPANet;01/05/2013 19:32:55 - 154 - Trecho lido: 8236
ExportaEPANet;01/05/2013 19:32:55 - 154 - Trecho lido: 8236 - Nó inicial: 7579
ExportaEPANet;01/05/2013 19:32:55 - 154 - Trecho lido: 8236 - Nó final: 7580
ExportaEPANet;Querie rsTrechos: SELECT * FROM WATERLINES INNER JOIN X_MATERIAL ON WATERLINES.MATERIAL = X_MATERIAL.MATERIALID WHERE WATERLINES.OBJECT_ID_ IN (SELECT OBJECT_ID_ FROM POLIGONO_SELECAO WHERE USUARIO = 'nexus' AND TIPO = 1)
ExportaEPANet;01/05/2013 19:32:55 - 155 - Trecho lido: 8237
ExportaEPANet;01/05/2013 19:32:55 - 155 - Trecho lido: 8237 - Nó inicial: 7580
ExportaEPANet;01/05/2013 19:32:55 - 155 - Trecho lido: 8237 - Nó final: 7581
ExportaEPANet;Querie rsTrechos: SELECT * FROM WATERLINES INNER JOIN X_MATERIAL ON WATERLINES.MATERIAL = X_MATERIAL.MATERIALID WHERE WATERLINES.OBJECT_ID_ IN (SELECT OBJECT_ID_ FROM POLIGONO_SELECAO WHERE USUARIO = 'nexus' AND TIPO = 1)
ExportaEPANet;01/05/2013 19:32:55 - 156 - Trecho lido: 8238
ExportaEPANet;01/05/2013 19:32:55 - 156 - Trecho lido: 8238 - Nó inicial: 7581
ExportaEPANet;01/05/2013 19:32:55 - 156 - Trecho lido: 8238 - Nó final: 7582
ExportaEPANet;Querie rsTrechos: SELECT * FROM WATERLINES INNER JOIN X_MATERIAL ON WATERLINES.MATERIAL = X_MATERIAL.MATERIALID WHERE WATERLINES.OBJECT_ID_ IN (SELECT OBJECT_ID_ FROM POLIGONO_SELECAO WHERE USUARIO = 'nexus' AND TIPO = 1)
ExportaEPANet;01/05/2013 19:32:55 - 157 - Trecho lido: 8239
ExportaEPANet;01/05/2013 19:32:55 - 157 - Trecho lido: 8239 - Nó inicial: 7582
ExportaEPANet;01/05/2013 19:32:55 - 157 - Trecho lido: 8239 - Nó final: 7583
ExportaEPANet;Querie rsTrechos: SELECT * FROM WATERLINES INNER JOIN X_MATERIAL ON WATERLINES.MATERIAL = X_MATERIAL.MATERIALID WHERE WATERLINES.OBJECT_ID_ IN (SELECT OBJECT_ID_ FROM POLIGONO_SELECAO WHERE USUARIO = 'nexus' AND TIPO = 1)
ExportaEPANet;01/05/2013 19:32:55 - 158 - Trecho lido: 8240
ExportaEPANet;01/05/2013 19:32:55 - 158 - Trecho lido: 8240 - Nó inicial: 7583
ExportaEPANet;01/05/2013 19:32:55 - 158 - Trecho lido: 8240 - Nó final: 7584
ExportaEPANet;Querie rsTrechos: SELECT * FROM WATERLINES INNER JOIN X_MATERIAL ON WATERLINES.MATERIAL = X_MATERIAL.MATERIALID WHERE WATERLINES.OBJECT_ID_ IN (SELECT OBJECT_ID_ FROM POLIGONO_SELECAO WHERE USUARIO = 'nexus' AND TIPO = 1)
ExportaEPANet;01/05/2013 19:32:55 - 159 - Trecho lido: 8241
ExportaEPANet;01/05/2013 19:32:55 - 159 - Trecho lido: 8241 - Nó inicial: 7584
ExportaEPANet;01/05/2013 19:32:55 - 159 - Trecho lido: 8241 - Nó final: 7585
ExportaEPANet;Querie rsTrechos: SELECT * FROM WATERLINES INNER JOIN X_MATERIAL ON WATERLINES.MATERIAL = X_MATERIAL.MATERIALID WHERE WATERLINES.OBJECT_ID_ IN (SELECT OBJECT_ID_ FROM POLIGONO_SELECAO WHERE USUARIO = 'nexus' AND TIPO = 1)
ExportaEPANet;01/05/2013 19:32:55 - 160 - Trecho lido: 8242
ExportaEPANet;01/05/2013 19:32:55 - 160 - Trecho lido: 8242 - Nó inicial: 7585
ExportaEPANet;01/05/2013 19:32:55 - 160 - Trecho lido: 8242 - Nó final: 7586
ExportaEPANet;Querie rsTrechos: SELECT * FROM WATERLINES INNER JOIN X_MATERIAL ON WATERLINES.MATERIAL = X_MATERIAL.MATERIALID WHERE WATERLINES.OBJECT_ID_ IN (SELECT OBJECT_ID_ FROM POLIGONO_SELECAO WHERE USUARIO = 'nexus' AND TIPO = 1)
ExportaEPANet;01/05/2013 19:32:55 - 161 - Trecho lido: 8243
ExportaEPANet;01/05/2013 19:32:55 - 161 - Trecho lido: 8243 - Nó inicial: 7586
ExportaEPANet;01/05/2013 19:32:55 - 161 - Trecho lido: 8243 - Nó final: 7587
ExportaEPANet;Querie rsTrechos: SELECT * FROM WATERLINES INNER JOIN X_MATERIAL ON WATERLINES.MATERIAL = X_MATERIAL.MATERIALID WHERE WATERLINES.OBJECT_ID_ IN (SELECT OBJECT_ID_ FROM POLIGONO_SELECAO WHERE USUARIO = 'nexus' AND TIPO = 1)
ExportaEPANet;01/05/2013 19:32:55 - 162 - Trecho lido: 8244
ExportaEPANet;01/05/2013 19:32:55 - 162 - Trecho lido: 8244 - Nó inicial: 7587
ExportaEPANet;01/05/2013 19:32:55 - 162 - Trecho lido: 8244 - Nó final: 7588
ExportaEPANet;Querie rsTrechos: SELECT * FROM WATERLINES INNER JOIN X_MATERIAL ON WATERLINES.MATERIAL = X_MATERIAL.MATERIALID WHERE WATERLINES.OBJECT_ID_ IN (SELECT OBJECT_ID_ FROM POLIGONO_SELECAO WHERE USUARIO = 'nexus' AND TIPO = 1)
ExportaEPANet;01/05/2013 19:32:55 - 163 - Trecho lido: 8245
ExportaEPANet;01/05/2013 19:32:55 - 163 - Trecho lido: 8245 - Nó inicial: 7588
ExportaEPANet;01/05/2013 19:32:55 - 163 - Trecho lido: 8245 - Nó final: 7589
ExportaEPANet;Querie rsTrechos: SELECT * FROM WATERLINES INNER JOIN X_MATERIAL ON WATERLINES.MATERIAL = X_MATERIAL.MATERIALID WHERE WATERLINES.OBJECT_ID_ IN (SELECT OBJECT_ID_ FROM POLIGONO_SELECAO WHERE USUARIO = 'nexus' AND TIPO = 1)
ExportaEPANet;01/05/2013 19:32:55 - 164 - Trecho lido: 8246
ExportaEPANet;01/05/2013 19:32:55 - 164 - Trecho lido: 8246 - Nó inicial: 7589
ExportaEPANet;01/05/2013 19:32:55 - 164 - Trecho lido: 8246 - Nó final: 7590
ExportaEPANet;Querie rsTrechos: SELECT * FROM WATERLINES INNER JOIN X_MATERIAL ON WATERLINES.MATERIAL = X_MATERIAL.MATERIALID WHERE WATERLINES.OBJECT_ID_ IN (SELECT OBJECT_ID_ FROM POLIGONO_SELECAO WHERE USUARIO = 'nexus' AND TIPO = 1)
ExportaEPANet;01/05/2013 19:32:55 - 165 - Trecho lido: 8247
ExportaEPANet;01/05/2013 19:32:55 - 165 - Trecho lido: 8247 - Nó inicial: 7589
ExportaEPANet;01/05/2013 19:32:55 - 165 - Trecho lido: 8247 - Nó final: 7591
ExportaEPANet;Querie rsTrechos: SELECT * FROM WATERLINES INNER JOIN X_MATERIAL ON WATERLINES.MATERIAL = X_MATERIAL.MATERIALID WHERE WATERLINES.OBJECT_ID_ IN (SELECT OBJECT_ID_ FROM POLIGONO_SELECAO WHERE USUARIO = 'nexus' AND TIPO = 1)
ExportaEPANet;01/05/2013 19:32:55 - 166 - Trecho lido: 8248
ExportaEPANet;01/05/2013 19:32:55 - 166 - Trecho lido: 8248 - Nó inicial: 7591
ExportaEPANet;01/05/2013 19:32:55 - 166 - Trecho lido: 8248 - Nó final: 7592
ExportaEPANet;Querie rsTrechos: SELECT * FROM WATERLINES INNER JOIN X_MATERIAL ON WATERLINES.MATERIAL = X_MATERIAL.MATERIALID WHERE WATERLINES.OBJECT_ID_ IN (SELECT OBJECT_ID_ FROM POLIGONO_SELECAO WHERE USUARIO = 'nexus' AND TIPO = 1)
ExportaEPANet;01/05/2013 19:32:55 - 167 - Trecho lido: 8249
ExportaEPANet;01/05/2013 19:32:55 - 167 - Trecho lido: 8249 - Nó inicial: 7592
ExportaEPANet;01/05/2013 19:32:55 - 167 - Trecho lido: 8249 - Nó final: 7574
ExportaEPANet;Querie rsTrechos: SELECT * FROM WATERLINES INNER JOIN X_MATERIAL ON WATERLINES.MATERIAL = X_MATERIAL.MATERIALID WHERE WATERLINES.OBJECT_ID_ IN (SELECT OBJECT_ID_ FROM POLIGONO_SELECAO WHERE USUARIO = 'nexus' AND TIPO = 1)
ExportaEPANet;01/05/2013 19:32:55 - 168 - Trecho lido: 8250
ExportaEPANet;01/05/2013 19:32:55 - 168 - Trecho lido: 8250 - Nó inicial: 7581
ExportaEPANet;01/05/2013 19:32:55 - 168 - Trecho lido: 8250 - Nó final: 7593
ExportaEPANet;Querie rsTrechos: SELECT * FROM WATERLINES INNER JOIN X_MATERIAL ON WATERLINES.MATERIAL = X_MATERIAL.MATERIALID WHERE WATERLINES.OBJECT_ID_ IN (SELECT OBJECT_ID_ FROM POLIGONO_SELECAO WHERE USUARIO = 'nexus' AND TIPO = 1)
ExportaEPANet;01/05/2013 19:32:55 - 169 - Trecho lido: 8251
ExportaEPANet;01/05/2013 19:32:55 - 169 - Trecho lido: 8251 - Nó inicial: 7593
ExportaEPANet;01/05/2013 19:32:55 - 169 - Trecho lido: 8251 - Nó final: 7594
ExportaEPANet;Querie rsTrechos: SELECT * FROM WATERLINES INNER JOIN X_MATERIAL ON WATERLINES.MATERIAL = X_MATERIAL.MATERIALID WHERE WATERLINES.OBJECT_ID_ IN (SELECT OBJECT_ID_ FROM POLIGONO_SELECAO WHERE USUARIO = 'nexus' AND TIPO = 1)
ExportaEPANet;01/05/2013 19:32:55 - 170 - Trecho lido: 8252
ExportaEPANet;01/05/2013 19:32:55 - 170 - Trecho lido: 8252 - Nó inicial: 7594
ExportaEPANet;01/05/2013 19:32:55 - 170 - Trecho lido: 8252 - Nó final: 7582
ExportaEPANet;Querie rsTrechos: SELECT * FROM WATERLINES INNER JOIN X_MATERIAL ON WATERLINES.MATERIAL = X_MATERIAL.MATERIALID WHERE WATERLINES.OBJECT_ID_ IN (SELECT OBJECT_ID_ FROM POLIGONO_SELECAO WHERE USUARIO = 'nexus' AND TIPO = 1)
ExportaEPANet;01/05/2013 19:32:55 - 171 - Trecho lido: 8253
ExportaEPANet;01/05/2013 19:32:55 - 171 - Trecho lido: 8253 - Nó inicial: 7593
ExportaEPANet;01/05/2013 19:32:55 - 171 - Trecho lido: 8253 - Nó final: 7595
ExportaEPANet;Querie rsTrechos: SELECT * FROM WATERLINES INNER JOIN X_MATERIAL ON WATERLINES.MATERIAL = X_MATERIAL.MATERIALID WHERE WATERLINES.OBJECT_ID_ IN (SELECT OBJECT_ID_ FROM POLIGONO_SELECAO WHERE USUARIO = 'nexus' AND TIPO = 1)
ExportaEPANet;01/05/2013 19:32:55 - 172 - Trecho lido: 8254
ExportaEPANet;01/05/2013 19:32:55 - 172 - Trecho lido: 8254 - Nó inicial: 7596
ExportaEPANet;01/05/2013 19:32:55 - 172 - Trecho lido: 8254 - Nó final: 7597
ExportaEPANet;Querie rsTrechos: SELECT * FROM WATERLINES INNER JOIN X_MATERIAL ON WATERLINES.MATERIAL = X_MATERIAL.MATERIALID WHERE WATERLINES.OBJECT_ID_ IN (SELECT OBJECT_ID_ FROM POLIGONO_SELECAO WHERE USUARIO = 'nexus' AND TIPO = 1)
ExportaEPANet;01/05/2013 19:32:55 - 173 - Trecho lido: 8255
ExportaEPANet;01/05/2013 19:32:55 - 173 - Trecho lido: 8255 - Nó inicial: 7597
ExportaEPANet;01/05/2013 19:32:55 - 173 - Trecho lido: 8255 - Nó final: 7568
ExportaEPANet;Querie rsTrechos: SELECT * FROM WATERLINES INNER JOIN X_MATERIAL ON WATERLINES.MATERIAL = X_MATERIAL.MATERIALID WHERE WATERLINES.OBJECT_ID_ IN (SELECT OBJECT_ID_ FROM POLIGONO_SELECAO WHERE USUARIO = 'nexus' AND TIPO = 1)

ExportaEPANet;*************************************************************************************************
ExportaEPANet;Exportação concluída com sucesso!
