Line 142: Class NxViewManager.ViewManager of control ViewManager1 was not a loaded control class.
Line 151: Class TECOMIMPORTLibCtl.TeImport of control TeImport1 was not a loaded control class.
Line 163: Class PManager4.Manager of control Manager1 was not a loaded control class.
Line 249: Class TECOMDATABASELibCtl.TeDatabase of control TeDatabase1 was not a loaded control class.
Line 254: Class TeComConnectionLibCtl.TeAcXConnection of control TeAcXConnection1 was not a loaded control class.
Line 259: Class TeComViewDatabaseLibCtl.TeViewDatabase of control TeViewDatabase1 was not a loaded control class.
Line 522: Class TECOMEXPORTLibCtl.TeExport of control TeExport2 was not a loaded control class.
Line 148: The property name _ExtentX in ViewManager1 is invalid.
Line 149: The property name _ExtentY in ViewManager1 is invalid.
Line 153: The property name OleObjectBlob in TeImport1 is invalid.
Line 169: The property name _ExtentX in Manager1 is invalid.
Line 170: The property name _ExtentY in Manager1 is invalid.
Line 251: The property name OleObjectBlob in TeDatabase1 is invalid.
Line 256: The property name OleObjectBlob in TeAcXConnection1 is invalid.
Line 261: The property name OleObjectBlob in TeViewDatabase1 is invalid.
Line 524: The property name OleObjectBlob in TeExport2 is invalid.
Line 148: The property name _ExtentX in ViewManager1 is invalid.
Line 149: The property name _ExtentY in ViewManager1 is invalid.
Line 169: The property name _ExtentX in Manager1 is invalid.
Line 170: The property name _ExtentY in Manager1 is invalid.
