Line 13: Class TabDlg.SSTab of control SST was not a loaded control class.
Line 19: The property name _ExtentX in SST is invalid.
Line 20: The property name _ExtentY in SST is invalid.
Line 21: The property name _Version in SST is invalid.
Line 22: The property name Style in SST is invalid.
Line 23: The property name Tab in SST is invalid.
Line 24: The property name TabHeight in SST is invalid.
Line 25: The property name TabCaption(0) in SST is invalid.
Line 26: The property name TabPicture(0) in SST is invalid.
Line 27: The property name Tab(0).ControlEnabled in SST is invalid.
Line 28: The property name Tab(0).Control(0) in SST is invalid.
Line 29: The property name Tab(0).ControlCount in SST is invalid.
Line 30: The property name TabCaption(1) in SST is invalid.
Line 31: The property name TabPicture(1) in SST is invalid.
Line 32: The property name Tab(1).ControlEnabled in SST is invalid.
Line 33: The property name Tab(1).Control(0) in SST is invalid.
Line 34: The property name Tab(1).ControlCount in SST is invalid.
Line 35: The property name TabCaption(2) in SST is invalid.
Line 36: The property name TabPicture(2) in SST is invalid.
Line 37: The property name Tab(2).ControlEnabled in SST is invalid.
Line 38: The property name Tab(2).Control(0) in SST is invalid.
Line 39: The property name Tab(2).Control(0).Enabled in SST is invalid.
Line 40: The property name Tab(2).ControlCount in SST is invalid.
